<?xml version="1.0" encoding="UTF-8"?>
<testsuite name="com.example.kafka.kafka_demo.KafkaClusterTest" tests="1" skipped="0" failures="1" errors="0" timestamp="2019-08-22T23:51:26" hostname="Prachis-MBP" time="0.511">
  <properties/>
  <testcase name="testTemplate" classname="com.example.kafka.kafka_demo.KafkaClusterTest" time="0.511">
    <failure message="org.apache.kafka.common.KafkaException: Failed to construct kafka producer" type="org.apache.kafka.common.KafkaException">org.apache.kafka.common.KafkaException: Failed to construct kafka producer
	at org.apache.kafka.clients.producer.KafkaProducer.&lt;init&gt;(KafkaProducer.java:457)
	at org.apache.kafka.clients.producer.KafkaProducer.&lt;init&gt;(KafkaProducer.java:289)
	at org.springframework.kafka.core.DefaultKafkaProducerFactory.createKafkaProducer(DefaultKafkaProducerFactory.java:318)
	at org.springframework.kafka.core.DefaultKafkaProducerFactory.createProducer(DefaultKafkaProducerFactory.java:305)
	at org.springframework.kafka.core.KafkaTemplate.getTheProducer(KafkaTemplate.java:448)
	at org.springframework.kafka.core.KafkaTemplate.doSend(KafkaTemplate.java:378)
	at org.springframework.kafka.core.KafkaTemplate.send(KafkaTemplate.java:193)
	at org.springframework.kafka.core.KafkaTemplate.sendDefault(KafkaTemplate.java:172)
	at com.example.kafka.kafka_demo.KafkaClusterTest.testTemplate(KafkaClusterTest.java:122)
	at sun.reflect.NativeMethodAccessorImpl.invoke0(Native Method)
	at sun.reflect.NativeMethodAccessorImpl.invoke(NativeMethodAccessorImpl.java:62)
	at sun.reflect.DelegatingMethodAccessorImpl.invoke(DelegatingMethodAccessorImpl.java:43)
	at java.lang.reflect.Method.invoke(Method.java:498)
	at org.junit.runners.model.FrameworkMethod$1.runReflectiveCall(FrameworkMethod.java:50)
	at org.junit.internal.runners.model.ReflectiveCallable.run(ReflectiveCallable.java:12)
	at org.junit.runners.model.FrameworkMethod.invokeExplosively(FrameworkMethod.java:47)
	at org.junit.internal.runners.statements.InvokeMethod.evaluate(InvokeMethod.java:17)
	at org.junit.runners.ParentRunner.runLeaf(ParentRunner.java:325)
	at org.junit.runners.BlockJUnit4ClassRunner.runChild(BlockJUnit4ClassRunner.java:78)
	at org.junit.runners.BlockJUnit4ClassRunner.runChild(BlockJUnit4ClassRunner.java:57)
	at org.junit.runners.ParentRunner$3.run(ParentRunner.java:290)
	at org.junit.runners.ParentRunner$1.schedule(ParentRunner.java:71)
	at org.junit.runners.ParentRunner.runChildren(ParentRunner.java:288)
	at org.junit.runners.ParentRunner.access$000(ParentRunner.java:58)
	at org.junit.runners.ParentRunner$2.evaluate(ParentRunner.java:268)
	at org.junit.rules.ExternalResource$1.evaluate(ExternalResource.java:48)
	at org.junit.rules.RunRules.evaluate(RunRules.java:20)
	at org.junit.runners.ParentRunner.run(ParentRunner.java:363)
	at org.gradle.api.internal.tasks.testing.junit.JUnitTestClassExecutor.runTestClass(JUnitTestClassExecutor.java:110)
	at org.gradle.api.internal.tasks.testing.junit.JUnitTestClassExecutor.execute(JUnitTestClassExecutor.java:58)
	at org.gradle.api.internal.tasks.testing.junit.JUnitTestClassExecutor.execute(JUnitTestClassExecutor.java:38)
	at org.gradle.api.internal.tasks.testing.junit.AbstractJUnitTestClassProcessor.processTestClass(AbstractJUnitTestClassProcessor.java:62)
	at org.gradle.api.internal.tasks.testing.SuiteTestClassProcessor.processTestClass(SuiteTestClassProcessor.java:51)
	at sun.reflect.NativeMethodAccessorImpl.invoke0(Native Method)
	at sun.reflect.NativeMethodAccessorImpl.invoke(NativeMethodAccessorImpl.java:62)
	at sun.reflect.DelegatingMethodAccessorImpl.invoke(DelegatingMethodAccessorImpl.java:43)
	at java.lang.reflect.Method.invoke(Method.java:498)
	at org.gradle.internal.dispatch.ReflectionDispatch.dispatch(ReflectionDispatch.java:35)
	at org.gradle.internal.dispatch.ReflectionDispatch.dispatch(ReflectionDispatch.java:24)
	at org.gradle.internal.dispatch.ContextClassLoaderDispatch.dispatch(ContextClassLoaderDispatch.java:32)
	at org.gradle.internal.dispatch.ProxyDispatchAdapter$DispatchingInvocationHandler.invoke(ProxyDispatchAdapter.java:93)
	at com.sun.proxy.$Proxy2.processTestClass(Unknown Source)
	at org.gradle.api.internal.tasks.testing.worker.TestWorker.processTestClass(TestWorker.java:118)
	at sun.reflect.NativeMethodAccessorImpl.invoke0(Native Method)
	at sun.reflect.NativeMethodAccessorImpl.invoke(NativeMethodAccessorImpl.java:62)
	at sun.reflect.DelegatingMethodAccessorImpl.invoke(DelegatingMethodAccessorImpl.java:43)
	at java.lang.reflect.Method.invoke(Method.java:498)
	at org.gradle.internal.dispatch.ReflectionDispatch.dispatch(ReflectionDispatch.java:35)
	at org.gradle.internal.dispatch.ReflectionDispatch.dispatch(ReflectionDispatch.java:24)
	at org.gradle.internal.remote.internal.hub.MessageHubBackedObjectConnection$DispatchWrapper.dispatch(MessageHubBackedObjectConnection.java:175)
	at org.gradle.internal.remote.internal.hub.MessageHubBackedObjectConnection$DispatchWrapper.dispatch(MessageHubBackedObjectConnection.java:157)
	at org.gradle.internal.remote.internal.hub.MessageHub$Handler.run(MessageHub.java:404)
	at org.gradle.internal.concurrent.ExecutorPolicy$CatchAndRecordFailures.onExecute(ExecutorPolicy.java:63)
	at org.gradle.internal.concurrent.ManagedExecutorImpl$1.run(ManagedExecutorImpl.java:46)
	at java.util.concurrent.ThreadPoolExecutor.runWorker(ThreadPoolExecutor.java:1149)
	at java.util.concurrent.ThreadPoolExecutor$Worker.run(ThreadPoolExecutor.java:624)
	at org.gradle.internal.concurrent.ThreadFactoryImpl$ManagedThreadRunnable.run(ThreadFactoryImpl.java:55)
	at java.lang.Thread.run(Thread.java:748)
Caused by: org.apache.kafka.common.KafkaException: io.confluent.kafka.serializers.KafkaAvroDeserializer is not an instance of org.apache.kafka.common.serialization.Serializer
	at org.apache.kafka.common.config.AbstractConfig.getConfiguredInstance(AbstractConfig.java:304)
	at org.apache.kafka.clients.producer.KafkaProducer.&lt;init&gt;(KafkaProducer.java:370)
	... 57 more
</failure>
  </testcase>
  <system-out><![CDATA[09:51:25.187 [Test worker] INFO kafka.utils.Log4jControllerRegistration$ - Registered kafka:type=kafka.Log4jController MBean
09:51:25.252 [Test worker] INFO org.apache.zookeeper.server.ZooKeeperServer - Server environment:zookeeper.version=3.4.13-2d71af4dbe22557fda74f9a9b4309b15a7487f03, built on 06/29/2018 00:39 GMT
09:51:25.253 [Test worker] INFO org.apache.zookeeper.server.ZooKeeperServer - Server environment:host.name=localhost
09:51:25.253 [Test worker] INFO org.apache.zookeeper.server.ZooKeeperServer - Server environment:java.version=1.8.0_221
09:51:25.253 [Test worker] INFO org.apache.zookeeper.server.ZooKeeperServer - Server environment:java.vendor=Oracle Corporation
09:51:25.253 [Test worker] INFO org.apache.zookeeper.server.ZooKeeperServer - Server environment:java.home=/Library/Java/JavaVirtualMachines/jdk1.8.0_221.jdk/Contents/Home/jre
09:51:25.254 [Test worker] INFO org.apache.zookeeper.server.ZooKeeperServer - Server environment:java.class.path=/Users/prachi/Documents/InteliJWorkplace/kafka_demo/build/classes/java/test:/Users/prachi/Documents/InteliJWorkplace/kafka_demo/build/resources/test:/Users/prachi/Documents/InteliJWorkplace/kafka_demo/build/classes/java/main:/Users/prachi/Documents/InteliJWorkplace/kafka_demo/build/resources/main:/Users/prachi/.gradle/caches/modules-2/files-2.1/org.springframework.boot/spring-boot-starter-web/2.1.7.RELEASE/fa43baf40bde3ecdb93ac9c545dd39f82ab29c35/spring-boot-starter-web-2.1.7.RELEASE.jar:/Users/prachi/.gradle/caches/modules-2/files-2.1/org.apache.avro/avro-maven-plugin/1.9.0/1dcdd14d3075f7610cbce0c14853878ed4155034/avro-maven-plugin-1.9.0.jar:/Users/prachi/.gradle/caches/modules-2/files-2.1/io.confluent/kafka-avro-serializer/3.3.1/523114bba98a219c029116c8c72ca6e1c817565a/kafka-avro-serializer-3.3.1.jar:/Users/prachi/.gradle/caches/modules-2/files-2.1/org.springframework.boot/spring-boot-starter-json/2.1.7.RELEASE/9c12f046a7c4ae110d89163a491ad0d7cf036e79/spring-boot-starter-json-2.1.7.RELEASE.jar:/Users/prachi/.gradle/caches/modules-2/files-2.1/org.apache.avro/avro-compiler/1.9.0/275e1b5efa61429d8f3b4d117022b5581b210732/avro-compiler-1.9.0.jar:/Users/prachi/.gradle/caches/modules-2/files-2.1/io.confluent/kafka-schema-registry-client/3.3.1/a90a87192bd82119330a1e46d9f8ba84a149286e/kafka-schema-registry-client-3.3.1.jar:/Users/prachi/.gradle/caches/modules-2/files-2.1/org.springframework.kafka/spring-kafka-test/2.2.8.RELEASE/caaa76db4de843ccbe72099a15acb6f835b2653d/spring-kafka-test-2.2.8.RELEASE.jar:/Users/prachi/.gradle/caches/modules-2/files-2.1/org.apache.kafka/kafka_2.11/2.0.1/74edf9dcfe1b298422dcf133e8f02b64caa9c2ed/kafka_2.11-2.0.1.jar:/Users/prachi/.gradle/caches/modules-2/files-2.1/org.apache.kafka/kafka_2.11/2.0.1/eae5412d901a120f9042e6e1032c6fa2f8910a7e/kafka_2.11-2.0.1-test.jar:/Users/prachi/.gradle/caches/modules-2/files-2.1/com.fasterxml.jackson.datatype/jackson-datatype-jdk8/2.9.9/4b04126963103216c9c43b0f34bbc36315654204/jackson-datatype-jdk8-2.9.9.jar:/Users/prachi/.gradle/caches/modules-2/files-2.1/com.fasterxml.jackson.datatype/jackson-datatype-jsr310/2.9.9/a33df137557793b0404a486888dbe049f7abeeeb/jackson-datatype-jsr310-2.9.9.jar:/Users/prachi/.gradle/caches/modules-2/files-2.1/com.fasterxml.jackson.module/jackson-module-parameter-names/2.9.9/a92facb55a2538e7b2fe14294570a18b823ad431/jackson-module-parameter-names-2.9.9.jar:/Users/prachi/.gradle/caches/modules-2/files-2.1/org.apache.avro/avro/1.9.0/ee9524dab06632dcf9adea769376380d69810ead/avro-1.9.0.jar:/Users/prachi/.gradle/caches/modules-2/files-2.1/com.fasterxml.jackson.core/jackson-databind/2.9.4/498bbc3b94f566982c7f7c6d4d303fce365529be/jackson-databind-2.9.4.jar:/Users/prachi/.gradle/caches/modules-2/files-2.1/com.fasterxml.jackson.core/jackson-core/2.9.4/a9a71ec1aa37da47db168fede9a4a5fb5e374320/jackson-core-2.9.4.jar:/Users/prachi/.gradle/caches/modules-2/files-2.1/org.codehaus.jackson/jackson-mapper-asl/1.9.13/1ee2f2bed0e5dd29d1cb155a166e6f8d50bbddb7/jackson-mapper-asl-1.9.13.jar:/Users/prachi/.gradle/caches/modules-2/files-2.1/org.codehaus.jackson/jackson-core-asl/1.9.13/3c304d70f42f832e0a86d45bd437f692129299a4/jackson-core-asl-1.9.13.jar:/Users/prachi/.gradle/caches/modules-2/files-2.1/org.springframework.boot/spring-boot-starter-test/2.1.7.RELEASE/39e82379a28c217ab892eb00ef601dc0571f56a4/spring-boot-starter-test-2.1.7.RELEASE.jar:/Users/prachi/.gradle/caches/modules-2/files-2.1/org.springframework.boot/spring-boot-starter/2.1.7.RELEASE/e23f4e9460e0e2220b444e40fc7fd6e95f66e0fe/spring-boot-starter-2.1.7.RELEASE.jar:/Users/prachi/.gradle/caches/modules-2/files-2.1/org.springframework.kafka/spring-kafka/2.2.8.RELEASE/2ada45678b48af5289a95f5f03066b568926fdc8/spring-kafka-2.2.8.RELEASE.jar:/Users/prachi/.gradle/caches/modules-2/files-2.1/org.apache.maven/maven-project/2.0.11/adc2114aa1d9b7a599aa226849ad7f463de3cadc/maven-project-2.0.11.jar:/Users/prachi/.gradle/caches/modules-2/files-2.1/org.apache.maven.shared/file-management/1.2.1/8f98bcaa7fd3625a172fd3de10bba8c32b9820ea/file-management-1.2.1.jar:/Users/prachi/.gradle/caches/modules-2/files-2.1/org.apache.maven/maven-settings/2.0.11/3f81af64ca039c3ef000ecee0a31668a2b9a432d/maven-settings-2.0.11.jar:/Users/prachi/.gradle/caches/modules-2/files-2.1/org.apache.maven/maven-profile/2.0.11/130057d04b0e914509f1223a85a6b1e83b08957f/maven-profile-2.0.11.jar:/Users/prachi/.gradle/caches/modules-2/files-2.1/org.apache.maven.shared/maven-shared-io/1.1/2e1d57be05ecac7dbe56a3c73b113e98f22240f/maven-shared-io-1.1.jar:/Users/prachi/.gradle/caches/modules-2/files-2.1/org.apache.maven/maven-artifact-manager/2.0.11/6c8764f10c7bd2ef8ad050190e3922be6078ecca/maven-artifact-manager-2.0.11.jar:/Users/prachi/.gradle/caches/modules-2/files-2.1/org.apache.maven/maven-plugin-registry/2.0.11/c4703e5496fa93dcea339f9cc665290f9179c108/maven-plugin-registry-2.0.11.jar:/Users/prachi/.gradle/caches/modules-2/files-2.1/org.codehaus.plexus/plexus-container-default/1.0-alpha-9/50596183cd7b688d9d7b6d868a0193ca1a8a7b3d/plexus-container-default-1.0-alpha-9.jar:/Users/prachi/.gradle/caches/modules-2/files-2.1/junit/junit/4.12/2973d150c0dc1fefe998f834810d68f278ea58ec/junit-4.12.jar:/Users/prachi/.gradle/caches/modules-2/files-2.1/org.springframework.boot/spring-boot-starter-tomcat/2.1.7.RELEASE/11f2a86aefefba72a4efe5ff18f4165a4b4e78b/spring-boot-starter-tomcat-2.1.7.RELEASE.jar:/Users/prachi/.gradle/caches/modules-2/files-2.1/org.hibernate.validator/hibernate-validator/6.0.17.Final/af73055fc4a103ab347c56e7da5a143d68a0170/hibernate-validator-6.0.17.Final.jar:/Users/prachi/.gradle/caches/modules-2/files-2.1/org.springframework/spring-webmvc/5.1.9.RELEASE/b9d4a2140488f0e6f9aa231e7938ae18da77b637/spring-webmvc-5.1.9.RELEASE.jar:/Users/prachi/.gradle/caches/modules-2/files-2.1/org.springframework/spring-web/5.1.9.RELEASE/9fe4390420fdd0b63dc4ed90d9027dafa9f74f80/spring-web-5.1.9.RELEASE.jar:/Users/prachi/.gradle/caches/modules-2/files-2.1/org.apache.maven/maven-plugin-api/2.0.11/f7aa99d1f2c0e941b60c107194dc5f9d107a0d77/maven-plugin-api-2.0.11.jar:/Users/prachi/.gradle/caches/modules-2/files-2.1/io.confluent/common-config/3.3.1/8906a6853baf3a530d3934e6fe46db8ac9a0c3ee/common-config-3.3.1.jar:/Users/prachi/.gradle/caches/modules-2/files-2.1/io.confluent/common-utils/3.3.1/370b5cffef42277d4b0fa4391afba2a64fcfe500/common-utils-3.3.1.jar:/Users/prachi/.gradle/caches/modules-2/files-2.1/org.apache.kafka/kafka-clients/2.0.1/61576d880bafea639d6b091adbaf260c729a3ceb/kafka-clients-2.0.1-test.jar:/Users/prachi/.gradle/caches/modules-2/files-2.1/org.apache.kafka/kafka-clients/2.0.1/db87f87e64714faff9c90fdc97a06c7d8e79b672/kafka-clients-2.0.1.jar:/Users/prachi/.gradle/caches/modules-2/files-2.1/com.jayway.jsonpath/json-path/2.4.0/765a4401ceb2dc8d40553c2075eb80a8fa35c2ae/json-path-2.4.0.jar:/Users/prachi/.gradle/caches/modules-2/files-2.1/org.apache.velocity/velocity-engine-core/2.0/6e5f29e1237b1764a4ce769feeffb85b0b19cfa7/velocity-engine-core-2.0.jar:/Users/prachi/.gradle/caches/modules-2/files-2.1/com.101tec/zkclient/0.10/c54d4b5a5e89af75a80b6d5857400165ce5188d0/zkclient-0.10.jar:/Users/prachi/.gradle/caches/modules-2/files-2.1/org.springframework.boot/spring-boot-starter-logging/2.1.7.RELEASE/6e829f739992a7f368c0af44a08ed89ad2a1972f/spring-boot-starter-logging-2.1.7.RELEASE.jar:/Users/prachi/.gradle/caches/modules-2/files-2.1/ch.qos.logback/logback-classic/1.2.3/7c4f3c474fb2c041d8028740440937705ebb473a/logback-classic-1.2.3.jar:/Users/prachi/.gradle/caches/modules-2/files-2.1/org.apache.logging.log4j/log4j-to-slf4j/2.11.2/6d37bf7b046c0ce2669f26b99365a2cfa45c4c18/log4j-to-slf4j-2.11.2.jar:/Users/prachi/.gradle/caches/modules-2/files-2.1/org.slf4j/jul-to-slf4j/1.7.26/8031352b2bb0a49e67818bf04c027aa92e645d5c/jul-to-slf4j-1.7.26.jar:/Users/prachi/.gradle/caches/modules-2/files-2.1/org.apache.zookeeper/zookeeper/3.4.13/31e9937541cef95c4585b547eb2dbd34d3a76f1c/zookeeper-3.4.13.jar:/Users/prachi/.gradle/caches/modules-2/files-2.1/com.yammer.metrics/metrics-core/2.2.0/f82c035cfa786d3cbec362c38c22a5f5b1bc8724/metrics-core-2.2.0.jar:/Users/prachi/.gradle/caches/modules-2/files-2.1/com.typesafe.scala-logging/scala-logging_2.11/3.9.0/e0dba06b4a763a0e2208182b264421baedbb0df/scala-logging_2.11-3.9.0.jar:/Users/prachi/.gradle/caches/modules-2/files-2.1/org.slf4j/slf4j-api/1.7.26/77100a62c2e6f04b53977b9f541044d7d722693d/slf4j-api-1.7.26.jar:/Users/prachi/.gradle/caches/modules-2/files-2.1/com.fasterxml.jackson.core/jackson-annotations/2.9.0/7c10d545325e3a6e72e06381afe469fd40eb701/jackson-annotations-2.9.0.jar:/Users/prachi/.gradle/caches/modules-2/files-2.1/org.springframework.boot/spring-boot-test-autoconfigure/2.1.7.RELEASE/8c9847259e14419d2bcc4eed26bcf48dc56686ef/spring-boot-test-autoconfigure-2.1.7.RELEASE.jar:/Users/prachi/.gradle/caches/modules-2/files-2.1/org.springframework.boot/spring-boot-autoconfigure/2.1.7.RELEASE/2c9d3e2c6ea3cb435e99e2973009636b62a9d816/spring-boot-autoconfigure-2.1.7.RELEASE.jar:/Users/prachi/.gradle/caches/modules-2/files-2.1/org.springframework.boot/spring-boot-test/2.1.7.RELEASE/70ed88830a08e8baa0b562090168fdba0e92810/spring-boot-test-2.1.7.RELEASE.jar:/Users/prachi/.gradle/caches/modules-2/files-2.1/org.springframework.boot/spring-boot/2.1.7.RELEASE/1599a2ad1fc6d36dbfc2a7c0dd5dab3a0bb27c61/spring-boot-2.1.7.RELEASE.jar:/Users/prachi/.gradle/caches/modules-2/files-2.1/javax.annotation/javax.annotation-api/1.3.2/934c04d3cfef185a8008e7bf34331b79730a9d43/javax.annotation-api-1.3.2.jar:/Users/prachi/.gradle/caches/modules-2/files-2.1/org.springframework/spring-context/5.1.9.RELEASE/c37f8fe15a5ae4ea1f351bd46167fd492a84eefa/spring-context-5.1.9.RELEASE.jar:/Users/prachi/.gradle/caches/modules-2/files-2.1/org.springframework/spring-test/5.1.9.RELEASE/653fa9de816677b3318e7058af54e7ee56866b09/spring-test-5.1.9.RELEASE.jar:/Users/prachi/.gradle/caches/modules-2/files-2.1/org.springframework.retry/spring-retry/1.2.4.RELEASE/e5a1e629b2743dc7bbe4a8d07ebe9ff6c3b816ce/spring-retry-1.2.4.RELEASE.jar:/Users/prachi/.gradle/caches/modules-2/files-2.1/org.springframework/spring-messaging/5.1.9.RELEASE/fa164c4c2a5299138ed344bc5d424f5f4219e267/spring-messaging-5.1.9.RELEASE.jar:/Users/prachi/.gradle/caches/modules-2/files-2.1/org.springframework/spring-tx/5.1.9.RELEASE/a9125e2c8eeb193030f3972c6293616943c55ef2/spring-tx-5.1.9.RELEASE.jar:/Users/prachi/.gradle/caches/modules-2/files-2.1/org.springframework/spring-aop/5.1.9.RELEASE/bc2312ffad02251b9d472e4a7c0e472a58f50fbf/spring-aop-5.1.9.RELEASE.jar:/Users/prachi/.gradle/caches/modules-2/files-2.1/org.springframework/spring-beans/5.1.9.RELEASE/5a03b3983108d73978aec2fa3e681aedad6782c/spring-beans-5.1.9.RELEASE.jar:/Users/prachi/.gradle/caches/modules-2/files-2.1/org.springframework/spring-expression/5.1.9.RELEASE/db3a2468c1b7d697ec3b3ec6e5652dc282994fe3/spring-expression-5.1.9.RELEASE.jar:/Users/prachi/.gradle/caches/modules-2/files-2.1/org.springframework/spring-core/5.1.9.RELEASE/dc3815439579b4fa0c19970e6b8e5d774af8d988/spring-core-5.1.9.RELEASE.jar:/Users/prachi/.gradle/caches/modules-2/files-2.1/org.yaml/snakeyaml/1.23/ec62d74fe50689c28c0ff5b35d3aebcaa8b5be68/snakeyaml-1.23.jar:/Users/prachi/.gradle/caches/modules-2/files-2.1/org.hamcrest/hamcrest-library/1.3/4785a3c21320980282f9f33d0d1264a69040538f/hamcrest-library-1.3.jar:/Users/prachi/.gradle/caches/modules-2/files-2.1/org.hamcrest/hamcrest-core/1.3/42a25dc3219429f0e5d060061f71acb49bf010a0/hamcrest-core-1.3.jar:/Users/prachi/.gradle/caches/modules-2/files-2.1/org.assertj/assertj-core/3.11.1/fdac3217b804d6900fa3650f17b5cb48e620b140/assertj-core-3.11.1.jar:/Users/prachi/.gradle/caches/modules-2/files-2.1/org.mockito/mockito-core/2.23.4/a35b6f8ffcfa786771eac7d7d903429e790fdf3f/mockito-core-2.23.4.jar:/Users/prachi/.gradle/caches/modules-2/files-2.1/org.skyscreamer/jsonassert/1.5.0/6c9d5fe2f59da598d9aefc1cfc6528ff3cf32df3/jsonassert-1.5.0.jar:/Users/prachi/.gradle/caches/modules-2/files-2.1/org.xmlunit/xmlunit-core/2.6.3/cdb208320aed4a7b94fb236cfbf91aeb6d0ede14/xmlunit-core-2.6.3.jar:/Users/prachi/.gradle/caches/modules-2/files-2.1/org.apache.tomcat.embed/tomcat-embed-websocket/9.0.22/45974d3443cc15ad9d10239d762d5e15759e6364/tomcat-embed-websocket-9.0.22.jar:/Users/prachi/.gradle/caches/modules-2/files-2.1/org.apache.tomcat.embed/tomcat-embed-core/9.0.22/79f39903498b28adacb18fe2ea046edd306295a6/tomcat-embed-core-9.0.22.jar:/Users/prachi/.gradle/caches/modules-2/files-2.1/org.apache.tomcat.embed/tomcat-embed-el/9.0.22/4da4b778b635a7e78ca7cd7288253e2e47b88a9f/tomcat-embed-el-9.0.22.jar:/Users/prachi/.gradle/caches/modules-2/files-2.1/javax.validation/validation-api/2.0.1.Final/cb855558e6271b1b32e716d24cb85c7f583ce09e/validation-api-2.0.1.Final.jar:/Users/prachi/.gradle/caches/modules-2/files-2.1/org.jboss.logging/jboss-logging/3.3.2.Final/3789d00e859632e6c6206adc0c71625559e6e3b0/jboss-logging-3.3.2.Final.jar:/Users/prachi/.gradle/caches/modules-2/files-2.1/com.fasterxml/classmate/1.4.0/291658ac2ce2476256c7115943652c0accb5c857/classmate-1.4.0.jar:/Users/prachi/.gradle/caches/modules-2/files-2.1/org.apache.maven/maven-model/2.0.11/b4947c88b8f0e19944b1e5d121e2f7dcd2440895/maven-model-2.0.11.jar:/Users/prachi/.gradle/caches/modules-2/files-2.1/org.codehaus.plexus/plexus-interpolation/1.1/66a644c26e8a1cd2945981422c33ba247226a2ef/plexus-interpolation-1.1.jar:/Users/prachi/.gradle/caches/modules-2/files-2.1/org.apache.maven/maven-artifact/2.0.11/432e01884f40b5d1d0b4706b019322d352c3b77b/maven-artifact-2.0.11.jar:/Users/prachi/.gradle/caches/modules-2/files-2.1/org.apache.maven/maven-repository-metadata/2.0.11/88b1222854edcbf0ca02bfa5484b65c5f9240fdb/maven-repository-metadata-2.0.11.jar:/Users/prachi/.gradle/caches/modules-2/files-2.1/org.apache.maven.wagon/wagon-provider-api/1.0-beta-2/abd1c9ace6e87c94a4b91f5176aeb09d954b23a3/wagon-provider-api-1.0-beta-2.jar:/Users/prachi/.gradle/caches/modules-2/files-2.1/org.codehaus.plexus/plexus-utils/1.5.6/8fb6b798a4036048b3005e058553bf21a87802ed/plexus-utils-1.5.6.jar:/Users/prachi/.gradle/caches/modules-2/files-2.1/org.apache.commons/commons-lang3/3.8.1/6505a72a097d9270f7a9e7bf42c4238283247755/commons-lang3-3.8.1.jar:/Users/prachi/.gradle/caches/modules-2/files-2.1/joda-time/joda-time/2.10.3/2e5366cf1f77ca3bafffecf6e87d30e1d504e959/joda-time-2.10.3.jar:/Users/prachi/.gradle/caches/modules-2/files-2.1/org.springframework/spring-jcl/5.1.9.RELEASE/7c372790c999777d20f364960cf557dd74f890cf/spring-jcl-5.1.9.RELEASE.jar:/Users/prachi/.gradle/caches/modules-2/files-2.1/org.lz4/lz4-java/1.4.1/ad89b11ac280a2992d65e078af06f6709f1fe2fc/lz4-java-1.4.1.jar:/Users/prachi/.gradle/caches/modules-2/files-2.1/org.xerial.snappy/snappy-java/1.1.7.1/d5190b41f3de61e3b83d692322d58630252bc8c3/snappy-java-1.1.7.1.jar:/Users/prachi/.gradle/caches/modules-2/files-2.1/net.sf.jopt-simple/jopt-simple/5.0.4/4fdac2fbe92dfad86aa6e9301736f6b4342a3f5c/jopt-simple-5.0.4.jar:/Users/prachi/.gradle/caches/modules-2/files-2.1/org.scala-lang/scala-reflect/2.11.12/2bb23c13c527566d9828107ca4108be2a2c06f01/scala-reflect-2.11.12.jar:/Users/prachi/.gradle/caches/modules-2/files-2.1/org.scala-lang/scala-library/2.11.12/bf5534e6fec3d665bd6419c952a929a8bdd4b591/scala-library-2.11.12.jar:/Users/prachi/.gradle/caches/modules-2/files-2.1/net.minidev/json-smart/2.3/7396407491352ce4fa30de92efb158adb76b5b/json-smart-2.3.jar:/Users/prachi/.gradle/caches/modules-2/files-2.1/net.bytebuddy/byte-buddy/1.9.16/e7d63009be7b87ff1f15b72e5b8c59c897a8d8bd/byte-buddy-1.9.16.jar:/Users/prachi/.gradle/caches/modules-2/files-2.1/net.bytebuddy/byte-buddy-agent/1.9.16/fd213511a0a845632456f636e576d24c2d6ac3bc/byte-buddy-agent-1.9.16.jar:/Users/prachi/.gradle/caches/modules-2/files-2.1/org.objenesis/objenesis/2.6/639033469776fd37c08358c6b92a4761feb2af4b/objenesis-2.6.jar:/Users/prachi/.gradle/caches/modules-2/files-2.1/com.vaadin.external.google/android-json/0.0.20131108.vaadin1/fa26d351fe62a6a17f5cda1287c1c6110dec413f/android-json-0.0.20131108.vaadin1.jar:/Users/prachi/.gradle/caches/modules-2/files-2.1/classworlds/classworlds/1.1-alpha-2/5adf2e681c57d7f48038b602f3ca2254ee82d47/classworlds-1.1-alpha-2.jar:/Users/prachi/.gradle/caches/modules-2/files-2.1/org.apache.commons/commons-compress/1.18/1191f9f2bc0c47a8cce69193feb1ff0a8bcb37d5/commons-compress-1.18.jar:/Users/prachi/.gradle/caches/modules-2/files-2.1/ch.qos.logback/logback-core/1.2.3/864344400c3d4d92dfeb0a305dc87d953677c03c/logback-core-1.2.3.jar:/Users/prachi/.gradle/caches/modules-2/files-2.1/org.apache.logging.log4j/log4j-api/2.11.2/f5e9a2ffca496057d6891a3de65128efc636e26e/log4j-api-2.11.2.jar:/Users/prachi/.gradle/caches/modules-2/files-2.1/log4j/log4j/1.2.17/5af35056b4d257e4b64b9e8069c0746e8b08629f/log4j-1.2.17.jar:/Users/prachi/.gradle/caches/modules-2/files-2.1/jline/jline/0.9.94/99a18e9a44834afdebc467294e1138364c207402/jline-0.9.94.jar:/Users/prachi/.gradle/caches/modules-2/files-2.1/org.apache.yetus/audience-annotations/0.5.0/55762d3191a8d6610ef46d11e8cb70c7667342a3/audience-annotations-0.5.0.jar:/Users/prachi/.gradle/caches/modules-2/files-2.1/io.netty/netty/3.10.6.Final/18ed04a0e502896552854926e908509db2987a00/netty-3.10.6.Final.jar:/Users/prachi/.gradle/caches/modules-2/files-2.1/net.minidev/accessors-smart/1.2/c592b500269bfde36096641b01238a8350f8aa31/accessors-smart-1.2.jar:/Users/prachi/.gradle/caches/modules-2/files-2.1/org.ow2.asm/asm/5.0.4/da08b8cce7bbf903602a25a3a163ae252435795/asm-5.0.4.jar
09:51:25.256 [Test worker] INFO org.apache.zookeeper.server.ZooKeeperServer - Server environment:java.library.path=/Users/prachi/Library/Java/Extensions:/Library/Java/Extensions:/Network/Library/Java/Extensions:/System/Library/Java/Extensions:/usr/lib/java:.
09:51:25.256 [Test worker] INFO org.apache.zookeeper.server.ZooKeeperServer - Server environment:java.io.tmpdir=/var/folders/rb/ftkq4r193039vvt_p0103d1r0000gn/T/
09:51:25.256 [Test worker] INFO org.apache.zookeeper.server.ZooKeeperServer - Server environment:java.compiler=<NA>
09:51:25.256 [Test worker] INFO org.apache.zookeeper.server.ZooKeeperServer - Server environment:os.name=Mac OS X
09:51:25.256 [Test worker] INFO org.apache.zookeeper.server.ZooKeeperServer - Server environment:os.arch=x86_64
09:51:25.256 [Test worker] INFO org.apache.zookeeper.server.ZooKeeperServer - Server environment:os.version=10.14.5
09:51:25.256 [Test worker] INFO org.apache.zookeeper.server.ZooKeeperServer - Server environment:user.name=prachi
09:51:25.256 [Test worker] INFO org.apache.zookeeper.server.ZooKeeperServer - Server environment:user.home=/Users/prachi
09:51:25.256 [Test worker] INFO org.apache.zookeeper.server.ZooKeeperServer - Server environment:user.dir=/Users/prachi/Documents/InteliJWorkplace/kafka_demo
09:51:25.261 [Test worker] DEBUG org.apache.zookeeper.server.persistence.FileTxnSnapLog - Opening datadir:/var/folders/rb/ftkq4r193039vvt_p0103d1r0000gn/T/kafka-4438925975171885947 snapDir:/var/folders/rb/ftkq4r193039vvt_p0103d1r0000gn/T/kafka-944841860734215339
09:51:25.270 [Test worker] INFO org.apache.zookeeper.server.ZooKeeperServer - Created server with tickTime 500 minSessionTimeout 1000 maxSessionTimeout 10000 datadir /var/folders/rb/ftkq4r193039vvt_p0103d1r0000gn/T/kafka-4438925975171885947/version-2 snapdir /var/folders/rb/ftkq4r193039vvt_p0103d1r0000gn/T/kafka-944841860734215339/version-2
09:51:25.285 [Test worker] INFO org.apache.zookeeper.server.NIOServerCnxnFactory - binding to port /127.0.0.1:0
09:51:25.298 [Test worker] DEBUG org.apache.zookeeper.server.ZooKeeperServer - ZKShutdownHandler is not registered, so ZooKeeper server won't take any action on ERROR or SHUTDOWN server state changes
09:51:25.303 [ZkClient-EventThread-19-127.0.0.1:59713] INFO org.I0Itec.zkclient.ZkEventThread - Starting ZkClient event thread.
09:51:25.303 [Test worker] DEBUG org.I0Itec.zkclient.ZkConnection - Creating new ZookKeeper instance to connect to 127.0.0.1:59713.
09:51:25.305 [Test worker] INFO org.apache.zookeeper.ZooKeeper - Client environment:zookeeper.version=3.4.13-2d71af4dbe22557fda74f9a9b4309b15a7487f03, built on 06/29/2018 00:39 GMT
09:51:25.306 [Test worker] INFO org.apache.zookeeper.ZooKeeper - Client environment:host.name=localhost
09:51:25.306 [Test worker] INFO org.apache.zookeeper.ZooKeeper - Client environment:java.version=1.8.0_221
09:51:25.306 [Test worker] INFO org.apache.zookeeper.ZooKeeper - Client environment:java.vendor=Oracle Corporation
09:51:25.306 [Test worker] INFO org.apache.zookeeper.ZooKeeper - Client environment:java.home=/Library/Java/JavaVirtualMachines/jdk1.8.0_221.jdk/Contents/Home/jre
09:51:25.306 [Test worker] INFO org.apache.zookeeper.ZooKeeper - Client environment:java.class.path=/Users/prachi/Documents/InteliJWorkplace/kafka_demo/build/classes/java/test:/Users/prachi/Documents/InteliJWorkplace/kafka_demo/build/resources/test:/Users/prachi/Documents/InteliJWorkplace/kafka_demo/build/classes/java/main:/Users/prachi/Documents/InteliJWorkplace/kafka_demo/build/resources/main:/Users/prachi/.gradle/caches/modules-2/files-2.1/org.springframework.boot/spring-boot-starter-web/2.1.7.RELEASE/fa43baf40bde3ecdb93ac9c545dd39f82ab29c35/spring-boot-starter-web-2.1.7.RELEASE.jar:/Users/prachi/.gradle/caches/modules-2/files-2.1/org.apache.avro/avro-maven-plugin/1.9.0/1dcdd14d3075f7610cbce0c14853878ed4155034/avro-maven-plugin-1.9.0.jar:/Users/prachi/.gradle/caches/modules-2/files-2.1/io.confluent/kafka-avro-serializer/3.3.1/523114bba98a219c029116c8c72ca6e1c817565a/kafka-avro-serializer-3.3.1.jar:/Users/prachi/.gradle/caches/modules-2/files-2.1/org.springframework.boot/spring-boot-starter-json/2.1.7.RELEASE/9c12f046a7c4ae110d89163a491ad0d7cf036e79/spring-boot-starter-json-2.1.7.RELEASE.jar:/Users/prachi/.gradle/caches/modules-2/files-2.1/org.apache.avro/avro-compiler/1.9.0/275e1b5efa61429d8f3b4d117022b5581b210732/avro-compiler-1.9.0.jar:/Users/prachi/.gradle/caches/modules-2/files-2.1/io.confluent/kafka-schema-registry-client/3.3.1/a90a87192bd82119330a1e46d9f8ba84a149286e/kafka-schema-registry-client-3.3.1.jar:/Users/prachi/.gradle/caches/modules-2/files-2.1/org.springframework.kafka/spring-kafka-test/2.2.8.RELEASE/caaa76db4de843ccbe72099a15acb6f835b2653d/spring-kafka-test-2.2.8.RELEASE.jar:/Users/prachi/.gradle/caches/modules-2/files-2.1/org.apache.kafka/kafka_2.11/2.0.1/74edf9dcfe1b298422dcf133e8f02b64caa9c2ed/kafka_2.11-2.0.1.jar:/Users/prachi/.gradle/caches/modules-2/files-2.1/org.apache.kafka/kafka_2.11/2.0.1/eae5412d901a120f9042e6e1032c6fa2f8910a7e/kafka_2.11-2.0.1-test.jar:/Users/prachi/.gradle/caches/modules-2/files-2.1/com.fasterxml.jackson.datatype/jackson-datatype-jdk8/2.9.9/4b04126963103216c9c43b0f34bbc36315654204/jackson-datatype-jdk8-2.9.9.jar:/Users/prachi/.gradle/caches/modules-2/files-2.1/com.fasterxml.jackson.datatype/jackson-datatype-jsr310/2.9.9/a33df137557793b0404a486888dbe049f7abeeeb/jackson-datatype-jsr310-2.9.9.jar:/Users/prachi/.gradle/caches/modules-2/files-2.1/com.fasterxml.jackson.module/jackson-module-parameter-names/2.9.9/a92facb55a2538e7b2fe14294570a18b823ad431/jackson-module-parameter-names-2.9.9.jar:/Users/prachi/.gradle/caches/modules-2/files-2.1/org.apache.avro/avro/1.9.0/ee9524dab06632dcf9adea769376380d69810ead/avro-1.9.0.jar:/Users/prachi/.gradle/caches/modules-2/files-2.1/com.fasterxml.jackson.core/jackson-databind/2.9.4/498bbc3b94f566982c7f7c6d4d303fce365529be/jackson-databind-2.9.4.jar:/Users/prachi/.gradle/caches/modules-2/files-2.1/com.fasterxml.jackson.core/jackson-core/2.9.4/a9a71ec1aa37da47db168fede9a4a5fb5e374320/jackson-core-2.9.4.jar:/Users/prachi/.gradle/caches/modules-2/files-2.1/org.codehaus.jackson/jackson-mapper-asl/1.9.13/1ee2f2bed0e5dd29d1cb155a166e6f8d50bbddb7/jackson-mapper-asl-1.9.13.jar:/Users/prachi/.gradle/caches/modules-2/files-2.1/org.codehaus.jackson/jackson-core-asl/1.9.13/3c304d70f42f832e0a86d45bd437f692129299a4/jackson-core-asl-1.9.13.jar:/Users/prachi/.gradle/caches/modules-2/files-2.1/org.springframework.boot/spring-boot-starter-test/2.1.7.RELEASE/39e82379a28c217ab892eb00ef601dc0571f56a4/spring-boot-starter-test-2.1.7.RELEASE.jar:/Users/prachi/.gradle/caches/modules-2/files-2.1/org.springframework.boot/spring-boot-starter/2.1.7.RELEASE/e23f4e9460e0e2220b444e40fc7fd6e95f66e0fe/spring-boot-starter-2.1.7.RELEASE.jar:/Users/prachi/.gradle/caches/modules-2/files-2.1/org.springframework.kafka/spring-kafka/2.2.8.RELEASE/2ada45678b48af5289a95f5f03066b568926fdc8/spring-kafka-2.2.8.RELEASE.jar:/Users/prachi/.gradle/caches/modules-2/files-2.1/org.apache.maven/maven-project/2.0.11/adc2114aa1d9b7a599aa226849ad7f463de3cadc/maven-project-2.0.11.jar:/Users/prachi/.gradle/caches/modules-2/files-2.1/org.apache.maven.shared/file-management/1.2.1/8f98bcaa7fd3625a172fd3de10bba8c32b9820ea/file-management-1.2.1.jar:/Users/prachi/.gradle/caches/modules-2/files-2.1/org.apache.maven/maven-settings/2.0.11/3f81af64ca039c3ef000ecee0a31668a2b9a432d/maven-settings-2.0.11.jar:/Users/prachi/.gradle/caches/modules-2/files-2.1/org.apache.maven/maven-profile/2.0.11/130057d04b0e914509f1223a85a6b1e83b08957f/maven-profile-2.0.11.jar:/Users/prachi/.gradle/caches/modules-2/files-2.1/org.apache.maven.shared/maven-shared-io/1.1/2e1d57be05ecac7dbe56a3c73b113e98f22240f/maven-shared-io-1.1.jar:/Users/prachi/.gradle/caches/modules-2/files-2.1/org.apache.maven/maven-artifact-manager/2.0.11/6c8764f10c7bd2ef8ad050190e3922be6078ecca/maven-artifact-manager-2.0.11.jar:/Users/prachi/.gradle/caches/modules-2/files-2.1/org.apache.maven/maven-plugin-registry/2.0.11/c4703e5496fa93dcea339f9cc665290f9179c108/maven-plugin-registry-2.0.11.jar:/Users/prachi/.gradle/caches/modules-2/files-2.1/org.codehaus.plexus/plexus-container-default/1.0-alpha-9/50596183cd7b688d9d7b6d868a0193ca1a8a7b3d/plexus-container-default-1.0-alpha-9.jar:/Users/prachi/.gradle/caches/modules-2/files-2.1/junit/junit/4.12/2973d150c0dc1fefe998f834810d68f278ea58ec/junit-4.12.jar:/Users/prachi/.gradle/caches/modules-2/files-2.1/org.springframework.boot/spring-boot-starter-tomcat/2.1.7.RELEASE/11f2a86aefefba72a4efe5ff18f4165a4b4e78b/spring-boot-starter-tomcat-2.1.7.RELEASE.jar:/Users/prachi/.gradle/caches/modules-2/files-2.1/org.hibernate.validator/hibernate-validator/6.0.17.Final/af73055fc4a103ab347c56e7da5a143d68a0170/hibernate-validator-6.0.17.Final.jar:/Users/prachi/.gradle/caches/modules-2/files-2.1/org.springframework/spring-webmvc/5.1.9.RELEASE/b9d4a2140488f0e6f9aa231e7938ae18da77b637/spring-webmvc-5.1.9.RELEASE.jar:/Users/prachi/.gradle/caches/modules-2/files-2.1/org.springframework/spring-web/5.1.9.RELEASE/9fe4390420fdd0b63dc4ed90d9027dafa9f74f80/spring-web-5.1.9.RELEASE.jar:/Users/prachi/.gradle/caches/modules-2/files-2.1/org.apache.maven/maven-plugin-api/2.0.11/f7aa99d1f2c0e941b60c107194dc5f9d107a0d77/maven-plugin-api-2.0.11.jar:/Users/prachi/.gradle/caches/modules-2/files-2.1/io.confluent/common-config/3.3.1/8906a6853baf3a530d3934e6fe46db8ac9a0c3ee/common-config-3.3.1.jar:/Users/prachi/.gradle/caches/modules-2/files-2.1/io.confluent/common-utils/3.3.1/370b5cffef42277d4b0fa4391afba2a64fcfe500/common-utils-3.3.1.jar:/Users/prachi/.gradle/caches/modules-2/files-2.1/org.apache.kafka/kafka-clients/2.0.1/61576d880bafea639d6b091adbaf260c729a3ceb/kafka-clients-2.0.1-test.jar:/Users/prachi/.gradle/caches/modules-2/files-2.1/org.apache.kafka/kafka-clients/2.0.1/db87f87e64714faff9c90fdc97a06c7d8e79b672/kafka-clients-2.0.1.jar:/Users/prachi/.gradle/caches/modules-2/files-2.1/com.jayway.jsonpath/json-path/2.4.0/765a4401ceb2dc8d40553c2075eb80a8fa35c2ae/json-path-2.4.0.jar:/Users/prachi/.gradle/caches/modules-2/files-2.1/org.apache.velocity/velocity-engine-core/2.0/6e5f29e1237b1764a4ce769feeffb85b0b19cfa7/velocity-engine-core-2.0.jar:/Users/prachi/.gradle/caches/modules-2/files-2.1/com.101tec/zkclient/0.10/c54d4b5a5e89af75a80b6d5857400165ce5188d0/zkclient-0.10.jar:/Users/prachi/.gradle/caches/modules-2/files-2.1/org.springframework.boot/spring-boot-starter-logging/2.1.7.RELEASE/6e829f739992a7f368c0af44a08ed89ad2a1972f/spring-boot-starter-logging-2.1.7.RELEASE.jar:/Users/prachi/.gradle/caches/modules-2/files-2.1/ch.qos.logback/logback-classic/1.2.3/7c4f3c474fb2c041d8028740440937705ebb473a/logback-classic-1.2.3.jar:/Users/prachi/.gradle/caches/modules-2/files-2.1/org.apache.logging.log4j/log4j-to-slf4j/2.11.2/6d37bf7b046c0ce2669f26b99365a2cfa45c4c18/log4j-to-slf4j-2.11.2.jar:/Users/prachi/.gradle/caches/modules-2/files-2.1/org.slf4j/jul-to-slf4j/1.7.26/8031352b2bb0a49e67818bf04c027aa92e645d5c/jul-to-slf4j-1.7.26.jar:/Users/prachi/.gradle/caches/modules-2/files-2.1/org.apache.zookeeper/zookeeper/3.4.13/31e9937541cef95c4585b547eb2dbd34d3a76f1c/zookeeper-3.4.13.jar:/Users/prachi/.gradle/caches/modules-2/files-2.1/com.yammer.metrics/metrics-core/2.2.0/f82c035cfa786d3cbec362c38c22a5f5b1bc8724/metrics-core-2.2.0.jar:/Users/prachi/.gradle/caches/modules-2/files-2.1/com.typesafe.scala-logging/scala-logging_2.11/3.9.0/e0dba06b4a763a0e2208182b264421baedbb0df/scala-logging_2.11-3.9.0.jar:/Users/prachi/.gradle/caches/modules-2/files-2.1/org.slf4j/slf4j-api/1.7.26/77100a62c2e6f04b53977b9f541044d7d722693d/slf4j-api-1.7.26.jar:/Users/prachi/.gradle/caches/modules-2/files-2.1/com.fasterxml.jackson.core/jackson-annotations/2.9.0/7c10d545325e3a6e72e06381afe469fd40eb701/jackson-annotations-2.9.0.jar:/Users/prachi/.gradle/caches/modules-2/files-2.1/org.springframework.boot/spring-boot-test-autoconfigure/2.1.7.RELEASE/8c9847259e14419d2bcc4eed26bcf48dc56686ef/spring-boot-test-autoconfigure-2.1.7.RELEASE.jar:/Users/prachi/.gradle/caches/modules-2/files-2.1/org.springframework.boot/spring-boot-autoconfigure/2.1.7.RELEASE/2c9d3e2c6ea3cb435e99e2973009636b62a9d816/spring-boot-autoconfigure-2.1.7.RELEASE.jar:/Users/prachi/.gradle/caches/modules-2/files-2.1/org.springframework.boot/spring-boot-test/2.1.7.RELEASE/70ed88830a08e8baa0b562090168fdba0e92810/spring-boot-test-2.1.7.RELEASE.jar:/Users/prachi/.gradle/caches/modules-2/files-2.1/org.springframework.boot/spring-boot/2.1.7.RELEASE/1599a2ad1fc6d36dbfc2a7c0dd5dab3a0bb27c61/spring-boot-2.1.7.RELEASE.jar:/Users/prachi/.gradle/caches/modules-2/files-2.1/javax.annotation/javax.annotation-api/1.3.2/934c04d3cfef185a8008e7bf34331b79730a9d43/javax.annotation-api-1.3.2.jar:/Users/prachi/.gradle/caches/modules-2/files-2.1/org.springframework/spring-context/5.1.9.RELEASE/c37f8fe15a5ae4ea1f351bd46167fd492a84eefa/spring-context-5.1.9.RELEASE.jar:/Users/prachi/.gradle/caches/modules-2/files-2.1/org.springframework/spring-test/5.1.9.RELEASE/653fa9de816677b3318e7058af54e7ee56866b09/spring-test-5.1.9.RELEASE.jar:/Users/prachi/.gradle/caches/modules-2/files-2.1/org.springframework.retry/spring-retry/1.2.4.RELEASE/e5a1e629b2743dc7bbe4a8d07ebe9ff6c3b816ce/spring-retry-1.2.4.RELEASE.jar:/Users/prachi/.gradle/caches/modules-2/files-2.1/org.springframework/spring-messaging/5.1.9.RELEASE/fa164c4c2a5299138ed344bc5d424f5f4219e267/spring-messaging-5.1.9.RELEASE.jar:/Users/prachi/.gradle/caches/modules-2/files-2.1/org.springframework/spring-tx/5.1.9.RELEASE/a9125e2c8eeb193030f3972c6293616943c55ef2/spring-tx-5.1.9.RELEASE.jar:/Users/prachi/.gradle/caches/modules-2/files-2.1/org.springframework/spring-aop/5.1.9.RELEASE/bc2312ffad02251b9d472e4a7c0e472a58f50fbf/spring-aop-5.1.9.RELEASE.jar:/Users/prachi/.gradle/caches/modules-2/files-2.1/org.springframework/spring-beans/5.1.9.RELEASE/5a03b3983108d73978aec2fa3e681aedad6782c/spring-beans-5.1.9.RELEASE.jar:/Users/prachi/.gradle/caches/modules-2/files-2.1/org.springframework/spring-expression/5.1.9.RELEASE/db3a2468c1b7d697ec3b3ec6e5652dc282994fe3/spring-expression-5.1.9.RELEASE.jar:/Users/prachi/.gradle/caches/modules-2/files-2.1/org.springframework/spring-core/5.1.9.RELEASE/dc3815439579b4fa0c19970e6b8e5d774af8d988/spring-core-5.1.9.RELEASE.jar:/Users/prachi/.gradle/caches/modules-2/files-2.1/org.yaml/snakeyaml/1.23/ec62d74fe50689c28c0ff5b35d3aebcaa8b5be68/snakeyaml-1.23.jar:/Users/prachi/.gradle/caches/modules-2/files-2.1/org.hamcrest/hamcrest-library/1.3/4785a3c21320980282f9f33d0d1264a69040538f/hamcrest-library-1.3.jar:/Users/prachi/.gradle/caches/modules-2/files-2.1/org.hamcrest/hamcrest-core/1.3/42a25dc3219429f0e5d060061f71acb49bf010a0/hamcrest-core-1.3.jar:/Users/prachi/.gradle/caches/modules-2/files-2.1/org.assertj/assertj-core/3.11.1/fdac3217b804d6900fa3650f17b5cb48e620b140/assertj-core-3.11.1.jar:/Users/prachi/.gradle/caches/modules-2/files-2.1/org.mockito/mockito-core/2.23.4/a35b6f8ffcfa786771eac7d7d903429e790fdf3f/mockito-core-2.23.4.jar:/Users/prachi/.gradle/caches/modules-2/files-2.1/org.skyscreamer/jsonassert/1.5.0/6c9d5fe2f59da598d9aefc1cfc6528ff3cf32df3/jsonassert-1.5.0.jar:/Users/prachi/.gradle/caches/modules-2/files-2.1/org.xmlunit/xmlunit-core/2.6.3/cdb208320aed4a7b94fb236cfbf91aeb6d0ede14/xmlunit-core-2.6.3.jar:/Users/prachi/.gradle/caches/modules-2/files-2.1/org.apache.tomcat.embed/tomcat-embed-websocket/9.0.22/45974d3443cc15ad9d10239d762d5e15759e6364/tomcat-embed-websocket-9.0.22.jar:/Users/prachi/.gradle/caches/modules-2/files-2.1/org.apache.tomcat.embed/tomcat-embed-core/9.0.22/79f39903498b28adacb18fe2ea046edd306295a6/tomcat-embed-core-9.0.22.jar:/Users/prachi/.gradle/caches/modules-2/files-2.1/org.apache.tomcat.embed/tomcat-embed-el/9.0.22/4da4b778b635a7e78ca7cd7288253e2e47b88a9f/tomcat-embed-el-9.0.22.jar:/Users/prachi/.gradle/caches/modules-2/files-2.1/javax.validation/validation-api/2.0.1.Final/cb855558e6271b1b32e716d24cb85c7f583ce09e/validation-api-2.0.1.Final.jar:/Users/prachi/.gradle/caches/modules-2/files-2.1/org.jboss.logging/jboss-logging/3.3.2.Final/3789d00e859632e6c6206adc0c71625559e6e3b0/jboss-logging-3.3.2.Final.jar:/Users/prachi/.gradle/caches/modules-2/files-2.1/com.fasterxml/classmate/1.4.0/291658ac2ce2476256c7115943652c0accb5c857/classmate-1.4.0.jar:/Users/prachi/.gradle/caches/modules-2/files-2.1/org.apache.maven/maven-model/2.0.11/b4947c88b8f0e19944b1e5d121e2f7dcd2440895/maven-model-2.0.11.jar:/Users/prachi/.gradle/caches/modules-2/files-2.1/org.codehaus.plexus/plexus-interpolation/1.1/66a644c26e8a1cd2945981422c33ba247226a2ef/plexus-interpolation-1.1.jar:/Users/prachi/.gradle/caches/modules-2/files-2.1/org.apache.maven/maven-artifact/2.0.11/432e01884f40b5d1d0b4706b019322d352c3b77b/maven-artifact-2.0.11.jar:/Users/prachi/.gradle/caches/modules-2/files-2.1/org.apache.maven/maven-repository-metadata/2.0.11/88b1222854edcbf0ca02bfa5484b65c5f9240fdb/maven-repository-metadata-2.0.11.jar:/Users/prachi/.gradle/caches/modules-2/files-2.1/org.apache.maven.wagon/wagon-provider-api/1.0-beta-2/abd1c9ace6e87c94a4b91f5176aeb09d954b23a3/wagon-provider-api-1.0-beta-2.jar:/Users/prachi/.gradle/caches/modules-2/files-2.1/org.codehaus.plexus/plexus-utils/1.5.6/8fb6b798a4036048b3005e058553bf21a87802ed/plexus-utils-1.5.6.jar:/Users/prachi/.gradle/caches/modules-2/files-2.1/org.apache.commons/commons-lang3/3.8.1/6505a72a097d9270f7a9e7bf42c4238283247755/commons-lang3-3.8.1.jar:/Users/prachi/.gradle/caches/modules-2/files-2.1/joda-time/joda-time/2.10.3/2e5366cf1f77ca3bafffecf6e87d30e1d504e959/joda-time-2.10.3.jar:/Users/prachi/.gradle/caches/modules-2/files-2.1/org.springframework/spring-jcl/5.1.9.RELEASE/7c372790c999777d20f364960cf557dd74f890cf/spring-jcl-5.1.9.RELEASE.jar:/Users/prachi/.gradle/caches/modules-2/files-2.1/org.lz4/lz4-java/1.4.1/ad89b11ac280a2992d65e078af06f6709f1fe2fc/lz4-java-1.4.1.jar:/Users/prachi/.gradle/caches/modules-2/files-2.1/org.xerial.snappy/snappy-java/1.1.7.1/d5190b41f3de61e3b83d692322d58630252bc8c3/snappy-java-1.1.7.1.jar:/Users/prachi/.gradle/caches/modules-2/files-2.1/net.sf.jopt-simple/jopt-simple/5.0.4/4fdac2fbe92dfad86aa6e9301736f6b4342a3f5c/jopt-simple-5.0.4.jar:/Users/prachi/.gradle/caches/modules-2/files-2.1/org.scala-lang/scala-reflect/2.11.12/2bb23c13c527566d9828107ca4108be2a2c06f01/scala-reflect-2.11.12.jar:/Users/prachi/.gradle/caches/modules-2/files-2.1/org.scala-lang/scala-library/2.11.12/bf5534e6fec3d665bd6419c952a929a8bdd4b591/scala-library-2.11.12.jar:/Users/prachi/.gradle/caches/modules-2/files-2.1/net.minidev/json-smart/2.3/7396407491352ce4fa30de92efb158adb76b5b/json-smart-2.3.jar:/Users/prachi/.gradle/caches/modules-2/files-2.1/net.bytebuddy/byte-buddy/1.9.16/e7d63009be7b87ff1f15b72e5b8c59c897a8d8bd/byte-buddy-1.9.16.jar:/Users/prachi/.gradle/caches/modules-2/files-2.1/net.bytebuddy/byte-buddy-agent/1.9.16/fd213511a0a845632456f636e576d24c2d6ac3bc/byte-buddy-agent-1.9.16.jar:/Users/prachi/.gradle/caches/modules-2/files-2.1/org.objenesis/objenesis/2.6/639033469776fd37c08358c6b92a4761feb2af4b/objenesis-2.6.jar:/Users/prachi/.gradle/caches/modules-2/files-2.1/com.vaadin.external.google/android-json/0.0.20131108.vaadin1/fa26d351fe62a6a17f5cda1287c1c6110dec413f/android-json-0.0.20131108.vaadin1.jar:/Users/prachi/.gradle/caches/modules-2/files-2.1/classworlds/classworlds/1.1-alpha-2/5adf2e681c57d7f48038b602f3ca2254ee82d47/classworlds-1.1-alpha-2.jar:/Users/prachi/.gradle/caches/modules-2/files-2.1/org.apache.commons/commons-compress/1.18/1191f9f2bc0c47a8cce69193feb1ff0a8bcb37d5/commons-compress-1.18.jar:/Users/prachi/.gradle/caches/modules-2/files-2.1/ch.qos.logback/logback-core/1.2.3/864344400c3d4d92dfeb0a305dc87d953677c03c/logback-core-1.2.3.jar:/Users/prachi/.gradle/caches/modules-2/files-2.1/org.apache.logging.log4j/log4j-api/2.11.2/f5e9a2ffca496057d6891a3de65128efc636e26e/log4j-api-2.11.2.jar:/Users/prachi/.gradle/caches/modules-2/files-2.1/log4j/log4j/1.2.17/5af35056b4d257e4b64b9e8069c0746e8b08629f/log4j-1.2.17.jar:/Users/prachi/.gradle/caches/modules-2/files-2.1/jline/jline/0.9.94/99a18e9a44834afdebc467294e1138364c207402/jline-0.9.94.jar:/Users/prachi/.gradle/caches/modules-2/files-2.1/org.apache.yetus/audience-annotations/0.5.0/55762d3191a8d6610ef46d11e8cb70c7667342a3/audience-annotations-0.5.0.jar:/Users/prachi/.gradle/caches/modules-2/files-2.1/io.netty/netty/3.10.6.Final/18ed04a0e502896552854926e908509db2987a00/netty-3.10.6.Final.jar:/Users/prachi/.gradle/caches/modules-2/files-2.1/net.minidev/accessors-smart/1.2/c592b500269bfde36096641b01238a8350f8aa31/accessors-smart-1.2.jar:/Users/prachi/.gradle/caches/modules-2/files-2.1/org.ow2.asm/asm/5.0.4/da08b8cce7bbf903602a25a3a163ae252435795/asm-5.0.4.jar
09:51:25.307 [Test worker] INFO org.apache.zookeeper.ZooKeeper - Client environment:java.library.path=/Users/prachi/Library/Java/Extensions:/Library/Java/Extensions:/Network/Library/Java/Extensions:/System/Library/Java/Extensions:/usr/lib/java:.
09:51:25.307 [Test worker] INFO org.apache.zookeeper.ZooKeeper - Client environment:java.io.tmpdir=/var/folders/rb/ftkq4r193039vvt_p0103d1r0000gn/T/
09:51:25.307 [Test worker] INFO org.apache.zookeeper.ZooKeeper - Client environment:java.compiler=<NA>
09:51:25.307 [Test worker] INFO org.apache.zookeeper.ZooKeeper - Client environment:os.name=Mac OS X
09:51:25.307 [Test worker] INFO org.apache.zookeeper.ZooKeeper - Client environment:os.arch=x86_64
09:51:25.307 [Test worker] INFO org.apache.zookeeper.ZooKeeper - Client environment:os.version=10.14.5
09:51:25.307 [Test worker] INFO org.apache.zookeeper.ZooKeeper - Client environment:user.name=prachi
09:51:25.307 [Test worker] INFO org.apache.zookeeper.ZooKeeper - Client environment:user.home=/Users/prachi
09:51:25.307 [Test worker] INFO org.apache.zookeeper.ZooKeeper - Client environment:user.dir=/Users/prachi/Documents/InteliJWorkplace/kafka_demo
09:51:25.308 [Test worker] INFO org.apache.zookeeper.ZooKeeper - Initiating client connection, connectString=127.0.0.1:59713 sessionTimeout=6000 watcher=org.I0Itec.zkclient.ZkClient@31acd974
09:51:25.311 [Test worker] DEBUG org.apache.zookeeper.ClientCnxn - zookeeper.disableAutoWatchReset is false
09:51:25.317 [Test worker] DEBUG org.I0Itec.zkclient.ZkClient - Awaiting connection to Zookeeper server
09:51:25.317 [Test worker] INFO org.I0Itec.zkclient.ZkClient - Waiting for keeper state SyncConnected
09:51:25.319 [Test worker-SendThread(localhost:59713)] INFO org.apache.zookeeper.ClientCnxn - Opening socket connection to server localhost/127.0.0.1:59713. Will not attempt to authenticate using SASL (unknown error)
09:51:25.321 [Test worker-SendThread(localhost:59713)] INFO org.apache.zookeeper.ClientCnxn - Socket connection established to localhost/127.0.0.1:59713, initiating session
09:51:25.322 [NIOServerCxn.Factory:/127.0.0.1:0] INFO org.apache.zookeeper.server.NIOServerCnxnFactory - Accepted socket connection from /127.0.0.1:59714
09:51:25.322 [Test worker-SendThread(localhost:59713)] DEBUG org.apache.zookeeper.ClientCnxn - Session establishment request sent on localhost/127.0.0.1:59713
09:51:25.325 [NIOServerCxn.Factory:/127.0.0.1:0] DEBUG org.apache.zookeeper.server.ZooKeeperServer - Session establishment request from client /127.0.0.1:59714 client's lastZxid is 0x0
09:51:25.326 [NIOServerCxn.Factory:/127.0.0.1:0] INFO org.apache.zookeeper.server.ZooKeeperServer - Client attempting to establish new session at /127.0.0.1:59714
09:51:25.327 [SyncThread:0] INFO org.apache.zookeeper.server.persistence.FileTxnLog - Creating new log file: log.1
09:51:25.330 [SyncThread:0] DEBUG org.apache.zookeeper.server.FinalRequestProcessor - Processing request:: sessionid:0x1000a57cb210000 type:createSession cxid:0x0 zxid:0x1 txntype:-10 reqpath:n/a
09:51:25.332 [SyncThread:0] DEBUG org.apache.zookeeper.server.FinalRequestProcessor - sessionid:0x1000a57cb210000 type:createSession cxid:0x0 zxid:0x1 txntype:-10 reqpath:n/a
09:51:25.334 [SyncThread:0] INFO org.apache.zookeeper.server.ZooKeeperServer - Established session 0x1000a57cb210000 with negotiated timeout 6000 for client /127.0.0.1:59714
09:51:25.335 [Test worker-SendThread(localhost:59713)] INFO org.apache.zookeeper.ClientCnxn - Session establishment complete on server localhost/127.0.0.1:59713, sessionid = 0x1000a57cb210000, negotiated timeout = 6000
09:51:25.336 [Test worker-EventThread] DEBUG org.I0Itec.zkclient.ZkClient - Received event: WatchedEvent state:SyncConnected type:None path:null
09:51:25.336 [Test worker-EventThread] INFO org.I0Itec.zkclient.ZkClient - zookeeper state changed (SyncConnected)
09:51:25.336 [Test worker-EventThread] DEBUG org.I0Itec.zkclient.ZkClient - Leaving process event
09:51:25.336 [Test worker] DEBUG org.I0Itec.zkclient.ZkClient - State is SyncConnected
09:51:25.493 [Test worker] INFO kafka.server.KafkaConfig - KafkaConfig values: 
	advertised.host.name = null
	advertised.listeners = null
	advertised.port = null
	alter.config.policy.class.name = null
	alter.log.dirs.replication.quota.window.num = 11
	alter.log.dirs.replication.quota.window.size.seconds = 1
	authorizer.class.name = 
	auto.create.topics.enable = true
	auto.leader.rebalance.enable = true
	background.threads = 10
	broker.id = 0
	broker.id.generation.enable = true
	broker.rack = null
	client.quota.callback.class = null
	compression.type = producer
	connections.max.idle.ms = 600000
	controlled.shutdown.enable = true
	controlled.shutdown.max.retries = 3
	controlled.shutdown.retry.backoff.ms = 100
	controller.socket.timeout.ms = 1000
	create.topic.policy.class.name = null
	default.replication.factor = 1
	delegation.token.expiry.check.interval.ms = 3600000
	delegation.token.expiry.time.ms = 86400000
	delegation.token.master.key = null
	delegation.token.max.lifetime.ms = 604800000
	delete.records.purgatory.purge.interval.requests = 1
	delete.topic.enable = true
	fetch.purgatory.purge.interval.requests = 1000
	group.initial.rebalance.delay.ms = 0
	group.max.session.timeout.ms = 300000
	group.min.session.timeout.ms = 6000
	host.name = 
	inter.broker.listener.name = null
	inter.broker.protocol.version = 2.0-IV1
	leader.imbalance.check.interval.seconds = 300
	leader.imbalance.per.broker.percentage = 10
	listener.security.protocol.map = PLAINTEXT:PLAINTEXT,SSL:SSL,SASL_PLAINTEXT:SASL_PLAINTEXT,SASL_SSL:SASL_SSL
	listeners = PLAINTEXT://localhost:0
	log.cleaner.backoff.ms = 15000
	log.cleaner.dedupe.buffer.size = 2097152
	log.cleaner.delete.retention.ms = 86400000
	log.cleaner.enable = true
	log.cleaner.io.buffer.load.factor = 0.9
	log.cleaner.io.buffer.size = 524288
	log.cleaner.io.max.bytes.per.second = 1.7976931348623157E308
	log.cleaner.min.cleanable.ratio = 0.5
	log.cleaner.min.compaction.lag.ms = 0
	log.cleaner.threads = 1
	log.cleanup.policy = [delete]
	log.dir = /var/folders/rb/ftkq4r193039vvt_p0103d1r0000gn/T/kafka-291968453170352473
	log.dirs = null
	log.flush.interval.messages = 9223372036854775807
	log.flush.interval.ms = null
	log.flush.offset.checkpoint.interval.ms = 60000
	log.flush.scheduler.interval.ms = 9223372036854775807
	log.flush.start.offset.checkpoint.interval.ms = 60000
	log.index.interval.bytes = 4096
	log.index.size.max.bytes = 10485760
	log.message.downconversion.enable = true
	log.message.format.version = 2.0-IV1
	log.message.timestamp.difference.max.ms = 9223372036854775807
	log.message.timestamp.type = CreateTime
	log.preallocate = false
	log.retention.bytes = -1
	log.retention.check.interval.ms = 300000
	log.retention.hours = 168
	log.retention.minutes = null
	log.retention.ms = null
	log.roll.hours = 168
	log.roll.jitter.hours = 0
	log.roll.jitter.ms = null
	log.roll.ms = null
	log.segment.bytes = 1073741824
	log.segment.delete.delay.ms = 1000
	max.connections.per.ip = 2147483647
	max.connections.per.ip.overrides = 
	max.incremental.fetch.session.cache.slots = 1000
	message.max.bytes = 1000012
	metric.reporters = []
	metrics.num.samples = 2
	metrics.recording.level = INFO
	metrics.sample.window.ms = 30000
	min.insync.replicas = 1
	num.io.threads = 8
	num.network.threads = 3
	num.partitions = 1
	num.recovery.threads.per.data.dir = 1
	num.replica.alter.log.dirs.threads = null
	num.replica.fetchers = 1
	offset.metadata.max.bytes = 4096
	offsets.commit.required.acks = -1
	offsets.commit.timeout.ms = 5000
	offsets.load.buffer.size = 5242880
	offsets.retention.check.interval.ms = 600000
	offsets.retention.minutes = 10080
	offsets.topic.compression.codec = 0
	offsets.topic.num.partitions = 5
	offsets.topic.replication.factor = 1
	offsets.topic.segment.bytes = 104857600
	password.encoder.cipher.algorithm = AES/CBC/PKCS5Padding
	password.encoder.iterations = 4096
	password.encoder.key.length = 128
	password.encoder.keyfactory.algorithm = null
	password.encoder.old.secret = null
	password.encoder.secret = null
	port = 9092
	principal.builder.class = null
	producer.purgatory.purge.interval.requests = 1000
	queued.max.request.bytes = -1
	queued.max.requests = 500
	quota.consumer.default = 9223372036854775807
	quota.producer.default = 9223372036854775807
	quota.window.num = 11
	quota.window.size.seconds = 1
	replica.fetch.backoff.ms = 1000
	replica.fetch.max.bytes = 1048576
	replica.fetch.min.bytes = 1
	replica.fetch.response.max.bytes = 10485760
	replica.fetch.wait.max.ms = 500
	replica.high.watermark.checkpoint.interval.ms = 9223372036854775807
	replica.lag.time.max.ms = 10000
	replica.socket.receive.buffer.bytes = 65536
	replica.socket.timeout.ms = 1000
	replication.quota.window.num = 11
	replication.quota.window.size.seconds = 1
	request.timeout.ms = 30000
	reserved.broker.max.id = 1000
	sasl.client.callback.handler.class = null
	sasl.enabled.mechanisms = [GSSAPI]
	sasl.jaas.config = null
	sasl.kerberos.kinit.cmd = /usr/bin/kinit
	sasl.kerberos.min.time.before.relogin = 60000
	sasl.kerberos.principal.to.local.rules = [DEFAULT]
	sasl.kerberos.service.name = null
	sasl.kerberos.ticket.renew.jitter = 0.05
	sasl.kerberos.ticket.renew.window.factor = 0.8
	sasl.login.callback.handler.class = null
	sasl.login.class = null
	sasl.login.refresh.buffer.seconds = 300
	sasl.login.refresh.min.period.seconds = 60
	sasl.login.refresh.window.factor = 0.8
	sasl.login.refresh.window.jitter = 0.05
	sasl.mechanism.inter.broker.protocol = GSSAPI
	sasl.server.callback.handler.class = null
	security.inter.broker.protocol = PLAINTEXT
	socket.receive.buffer.bytes = 102400
	socket.request.max.bytes = 104857600
	socket.send.buffer.bytes = 102400
	ssl.cipher.suites = []
	ssl.client.auth = none
	ssl.enabled.protocols = [TLSv1.2, TLSv1.1, TLSv1]
	ssl.endpoint.identification.algorithm = https
	ssl.key.password = null
	ssl.keymanager.algorithm = SunX509
	ssl.keystore.location = null
	ssl.keystore.password = null
	ssl.keystore.type = JKS
	ssl.protocol = TLS
	ssl.provider = null
	ssl.secure.random.implementation = null
	ssl.trustmanager.algorithm = PKIX
	ssl.truststore.location = null
	ssl.truststore.password = null
	ssl.truststore.type = JKS
	transaction.abort.timed.out.transaction.cleanup.interval.ms = 60000
	transaction.max.timeout.ms = 900000
	transaction.remove.expired.transaction.cleanup.interval.ms = 3600000
	transaction.state.log.load.buffer.size = 5242880
	transaction.state.log.min.isr = 2
	transaction.state.log.num.partitions = 50
	transaction.state.log.replication.factor = 3
	transaction.state.log.segment.bytes = 104857600
	transactional.id.expiration.ms = 604800000
	unclean.leader.election.enable = false
	zookeeper.connect = 127.0.0.1:59713
	zookeeper.connection.timeout.ms = 10000
	zookeeper.max.in.flight.requests = 10
	zookeeper.session.timeout.ms = 6000
	zookeeper.set.acl = false
	zookeeper.sync.time.ms = 2000

09:51:25.575 [Test worker] INFO kafka.server.KafkaServer - starting
09:51:25.576 [Test worker] INFO kafka.server.KafkaServer - Connecting to zookeeper on 127.0.0.1:59713
09:51:25.585 [Test worker] INFO kafka.zookeeper.ZooKeeperClient - [ZooKeeperClient] Initializing a new session to 127.0.0.1:59713.
09:51:25.586 [Test worker] INFO org.apache.zookeeper.ZooKeeper - Initiating client connection, connectString=127.0.0.1:59713 sessionTimeout=6000 watcher=kafka.zookeeper.ZooKeeperClient$ZooKeeperClientWatcher$@c679851
09:51:25.587 [Test worker-SendThread(localhost:59713)] INFO org.apache.zookeeper.ClientCnxn - Opening socket connection to server localhost/127.0.0.1:59713. Will not attempt to authenticate using SASL (unknown error)
09:51:25.587 [Test worker] DEBUG kafka.utils.KafkaScheduler - Initializing task scheduler.
09:51:25.587 [Test worker-SendThread(localhost:59713)] INFO org.apache.zookeeper.ClientCnxn - Socket connection established to localhost/127.0.0.1:59713, initiating session
09:51:25.587 [NIOServerCxn.Factory:/127.0.0.1:0] INFO org.apache.zookeeper.server.NIOServerCnxnFactory - Accepted socket connection from /127.0.0.1:59715
09:51:25.587 [Test worker-SendThread(localhost:59713)] DEBUG org.apache.zookeeper.ClientCnxn - Session establishment request sent on localhost/127.0.0.1:59713
09:51:25.588 [NIOServerCxn.Factory:/127.0.0.1:0] DEBUG org.apache.zookeeper.server.ZooKeeperServer - Session establishment request from client /127.0.0.1:59715 client's lastZxid is 0x0
09:51:25.588 [NIOServerCxn.Factory:/127.0.0.1:0] INFO org.apache.zookeeper.server.ZooKeeperServer - Client attempting to establish new session at /127.0.0.1:59715
09:51:25.588 [SyncThread:0] DEBUG org.apache.zookeeper.server.FinalRequestProcessor - Processing request:: sessionid:0x1000a57cb210001 type:createSession cxid:0x0 zxid:0x2 txntype:-10 reqpath:n/a
09:51:25.588 [SyncThread:0] DEBUG org.apache.zookeeper.server.FinalRequestProcessor - sessionid:0x1000a57cb210001 type:createSession cxid:0x0 zxid:0x2 txntype:-10 reqpath:n/a
09:51:25.589 [SyncThread:0] INFO org.apache.zookeeper.server.ZooKeeperServer - Established session 0x1000a57cb210001 with negotiated timeout 6000 for client /127.0.0.1:59715
09:51:25.591 [Test worker-SendThread(localhost:59713)] INFO org.apache.zookeeper.ClientCnxn - Session establishment complete on server localhost/127.0.0.1:59713, sessionid = 0x1000a57cb210001, negotiated timeout = 6000
09:51:25.591 [Test worker-EventThread] DEBUG kafka.zookeeper.ZooKeeperClient - [ZooKeeperClient] Received event: WatchedEvent state:SyncConnected type:None path:null
09:51:25.593 [Test worker] INFO kafka.zookeeper.ZooKeeperClient - [ZooKeeperClient] Waiting until connected.
09:51:25.595 [Test worker] INFO kafka.zookeeper.ZooKeeperClient - [ZooKeeperClient] Connected.
09:51:25.629 [SyncThread:0] DEBUG org.apache.zookeeper.server.FinalRequestProcessor - Processing request:: sessionid:0x1000a57cb210001 type:create cxid:0x1 zxid:0x3 txntype:1 reqpath:n/a
09:51:25.630 [SyncThread:0] DEBUG org.apache.zookeeper.server.FinalRequestProcessor - sessionid:0x1000a57cb210001 type:create cxid:0x1 zxid:0x3 txntype:1 reqpath:n/a
09:51:25.632 [Test worker-SendThread(localhost:59713)] DEBUG org.apache.zookeeper.ClientCnxn - Reading reply sessionid:0x1000a57cb210001, packet:: clientPath:/consumers serverPath:/consumers finished:false header:: 1,1  replyHeader:: 1,3,0  request:: '/consumers,,v{s{31,s{'world,'anyone}}},0  response:: '/consumers 
09:51:25.639 [ProcessThread(sid:0 cport:59713):] INFO org.apache.zookeeper.server.PrepRequestProcessor - Got user-level KeeperException when processing sessionid:0x1000a57cb210001 type:create cxid:0x2 zxid:0x4 txntype:-1 reqpath:n/a Error Path:/brokers Error:KeeperErrorCode = NoNode for /brokers
09:51:25.639 [SyncThread:0] DEBUG org.apache.zookeeper.server.FinalRequestProcessor - Processing request:: sessionid:0x1000a57cb210001 type:create cxid:0x2 zxid:0x4 txntype:-1 reqpath:n/a
09:51:25.639 [SyncThread:0] DEBUG org.apache.zookeeper.server.DataTree - Ignoring processTxn failure hdr: -1 : error: -101
09:51:25.640 [Test worker-SendThread(localhost:59713)] DEBUG org.apache.zookeeper.ClientCnxn - Reading reply sessionid:0x1000a57cb210001, packet:: clientPath:/brokers/ids serverPath:/brokers/ids finished:false header:: 2,1  replyHeader:: 2,4,-101  request:: '/brokers/ids,,v{s{31,s{'world,'anyone}}},0  response::  
09:51:25.641 [SyncThread:0] DEBUG org.apache.zookeeper.server.FinalRequestProcessor - Processing request:: sessionid:0x1000a57cb210001 type:create cxid:0x3 zxid:0x5 txntype:1 reqpath:n/a
09:51:25.641 [SyncThread:0] DEBUG org.apache.zookeeper.server.FinalRequestProcessor - sessionid:0x1000a57cb210001 type:create cxid:0x3 zxid:0x5 txntype:1 reqpath:n/a
09:51:25.642 [Test worker-SendThread(localhost:59713)] DEBUG org.apache.zookeeper.ClientCnxn - Reading reply sessionid:0x1000a57cb210001, packet:: clientPath:/brokers serverPath:/brokers finished:false header:: 3,1  replyHeader:: 3,5,0  request:: '/brokers,,v{s{31,s{'world,'anyone}}},0  response:: '/brokers 
09:51:25.643 [SyncThread:0] DEBUG org.apache.zookeeper.server.FinalRequestProcessor - Processing request:: sessionid:0x1000a57cb210001 type:create cxid:0x4 zxid:0x6 txntype:1 reqpath:n/a
09:51:25.643 [SyncThread:0] DEBUG org.apache.zookeeper.server.FinalRequestProcessor - sessionid:0x1000a57cb210001 type:create cxid:0x4 zxid:0x6 txntype:1 reqpath:n/a
09:51:25.644 [Test worker-SendThread(localhost:59713)] DEBUG org.apache.zookeeper.ClientCnxn - Reading reply sessionid:0x1000a57cb210001, packet:: clientPath:/brokers/ids serverPath:/brokers/ids finished:false header:: 4,1  replyHeader:: 4,6,0  request:: '/brokers/ids,,v{s{31,s{'world,'anyone}}},0  response:: '/brokers/ids 
09:51:25.645 [SyncThread:0] DEBUG org.apache.zookeeper.server.FinalRequestProcessor - Processing request:: sessionid:0x1000a57cb210001 type:create cxid:0x5 zxid:0x7 txntype:1 reqpath:n/a
09:51:25.645 [SyncThread:0] DEBUG org.apache.zookeeper.server.FinalRequestProcessor - sessionid:0x1000a57cb210001 type:create cxid:0x5 zxid:0x7 txntype:1 reqpath:n/a
09:51:25.645 [Test worker-SendThread(localhost:59713)] DEBUG org.apache.zookeeper.ClientCnxn - Reading reply sessionid:0x1000a57cb210001, packet:: clientPath:/brokers/topics serverPath:/brokers/topics finished:false header:: 5,1  replyHeader:: 5,7,0  request:: '/brokers/topics,,v{s{31,s{'world,'anyone}}},0  response:: '/brokers/topics 
09:51:25.646 [ProcessThread(sid:0 cport:59713):] INFO org.apache.zookeeper.server.PrepRequestProcessor - Got user-level KeeperException when processing sessionid:0x1000a57cb210001 type:create cxid:0x6 zxid:0x8 txntype:-1 reqpath:n/a Error Path:/config Error:KeeperErrorCode = NoNode for /config
09:51:25.647 [SyncThread:0] DEBUG org.apache.zookeeper.server.FinalRequestProcessor - Processing request:: sessionid:0x1000a57cb210001 type:create cxid:0x6 zxid:0x8 txntype:-1 reqpath:n/a
09:51:25.647 [SyncThread:0] DEBUG org.apache.zookeeper.server.DataTree - Ignoring processTxn failure hdr: -1 : error: -101
09:51:25.647 [Test worker-SendThread(localhost:59713)] DEBUG org.apache.zookeeper.ClientCnxn - Reading reply sessionid:0x1000a57cb210001, packet:: clientPath:/config/changes serverPath:/config/changes finished:false header:: 6,1  replyHeader:: 6,8,-101  request:: '/config/changes,,v{s{31,s{'world,'anyone}}},0  response::  
09:51:25.648 [SyncThread:0] DEBUG org.apache.zookeeper.server.FinalRequestProcessor - Processing request:: sessionid:0x1000a57cb210001 type:create cxid:0x7 zxid:0x9 txntype:1 reqpath:n/a
09:51:25.649 [SyncThread:0] DEBUG org.apache.zookeeper.server.FinalRequestProcessor - sessionid:0x1000a57cb210001 type:create cxid:0x7 zxid:0x9 txntype:1 reqpath:n/a
09:51:25.649 [Test worker-SendThread(localhost:59713)] DEBUG org.apache.zookeeper.ClientCnxn - Reading reply sessionid:0x1000a57cb210001, packet:: clientPath:/config serverPath:/config finished:false header:: 7,1  replyHeader:: 7,9,0  request:: '/config,,v{s{31,s{'world,'anyone}}},0  response:: '/config 
09:51:25.650 [SyncThread:0] DEBUG org.apache.zookeeper.server.FinalRequestProcessor - Processing request:: sessionid:0x1000a57cb210001 type:create cxid:0x8 zxid:0xa txntype:1 reqpath:n/a
09:51:25.650 [SyncThread:0] DEBUG org.apache.zookeeper.server.FinalRequestProcessor - sessionid:0x1000a57cb210001 type:create cxid:0x8 zxid:0xa txntype:1 reqpath:n/a
09:51:25.651 [Test worker-SendThread(localhost:59713)] DEBUG org.apache.zookeeper.ClientCnxn - Reading reply sessionid:0x1000a57cb210001, packet:: clientPath:/config/changes serverPath:/config/changes finished:false header:: 8,1  replyHeader:: 8,10,0  request:: '/config/changes,,v{s{31,s{'world,'anyone}}},0  response:: '/config/changes 
09:51:25.651 [ProcessThread(sid:0 cport:59713):] INFO org.apache.zookeeper.server.PrepRequestProcessor - Got user-level KeeperException when processing sessionid:0x1000a57cb210001 type:create cxid:0x9 zxid:0xb txntype:-1 reqpath:n/a Error Path:/admin Error:KeeperErrorCode = NoNode for /admin
09:51:25.652 [SyncThread:0] DEBUG org.apache.zookeeper.server.FinalRequestProcessor - Processing request:: sessionid:0x1000a57cb210001 type:create cxid:0x9 zxid:0xb txntype:-1 reqpath:n/a
09:51:25.652 [SyncThread:0] DEBUG org.apache.zookeeper.server.DataTree - Ignoring processTxn failure hdr: -1 : error: -101
09:51:25.652 [Test worker-SendThread(localhost:59713)] DEBUG org.apache.zookeeper.ClientCnxn - Reading reply sessionid:0x1000a57cb210001, packet:: clientPath:/admin/delete_topics serverPath:/admin/delete_topics finished:false header:: 9,1  replyHeader:: 9,11,-101  request:: '/admin/delete_topics,,v{s{31,s{'world,'anyone}}},0  response::  
09:51:25.653 [SyncThread:0] DEBUG org.apache.zookeeper.server.FinalRequestProcessor - Processing request:: sessionid:0x1000a57cb210001 type:create cxid:0xa zxid:0xc txntype:1 reqpath:n/a
09:51:25.653 [SyncThread:0] DEBUG org.apache.zookeeper.server.FinalRequestProcessor - sessionid:0x1000a57cb210001 type:create cxid:0xa zxid:0xc txntype:1 reqpath:n/a
09:51:25.654 [Test worker-SendThread(localhost:59713)] DEBUG org.apache.zookeeper.ClientCnxn - Reading reply sessionid:0x1000a57cb210001, packet:: clientPath:/admin serverPath:/admin finished:false header:: 10,1  replyHeader:: 10,12,0  request:: '/admin,,v{s{31,s{'world,'anyone}}},0  response:: '/admin 
09:51:25.654 [SyncThread:0] DEBUG org.apache.zookeeper.server.FinalRequestProcessor - Processing request:: sessionid:0x1000a57cb210001 type:create cxid:0xb zxid:0xd txntype:1 reqpath:n/a
09:51:25.655 [SyncThread:0] DEBUG org.apache.zookeeper.server.FinalRequestProcessor - sessionid:0x1000a57cb210001 type:create cxid:0xb zxid:0xd txntype:1 reqpath:n/a
09:51:25.655 [Test worker-SendThread(localhost:59713)] DEBUG org.apache.zookeeper.ClientCnxn - Reading reply sessionid:0x1000a57cb210001, packet:: clientPath:/admin/delete_topics serverPath:/admin/delete_topics finished:false header:: 11,1  replyHeader:: 11,13,0  request:: '/admin/delete_topics,,v{s{31,s{'world,'anyone}}},0  response:: '/admin/delete_topics 
09:51:25.656 [SyncThread:0] DEBUG org.apache.zookeeper.server.FinalRequestProcessor - Processing request:: sessionid:0x1000a57cb210001 type:create cxid:0xc zxid:0xe txntype:1 reqpath:n/a
09:51:25.657 [SyncThread:0] DEBUG org.apache.zookeeper.server.FinalRequestProcessor - sessionid:0x1000a57cb210001 type:create cxid:0xc zxid:0xe txntype:1 reqpath:n/a
09:51:25.657 [Test worker-SendThread(localhost:59713)] DEBUG org.apache.zookeeper.ClientCnxn - Reading reply sessionid:0x1000a57cb210001, packet:: clientPath:/brokers/seqid serverPath:/brokers/seqid finished:false header:: 12,1  replyHeader:: 12,14,0  request:: '/brokers/seqid,,v{s{31,s{'world,'anyone}}},0  response:: '/brokers/seqid 
09:51:25.658 [SyncThread:0] DEBUG org.apache.zookeeper.server.FinalRequestProcessor - Processing request:: sessionid:0x1000a57cb210001 type:create cxid:0xd zxid:0xf txntype:1 reqpath:n/a
09:51:25.658 [SyncThread:0] DEBUG org.apache.zookeeper.server.FinalRequestProcessor - sessionid:0x1000a57cb210001 type:create cxid:0xd zxid:0xf txntype:1 reqpath:n/a
09:51:25.659 [Test worker-SendThread(localhost:59713)] DEBUG org.apache.zookeeper.ClientCnxn - Reading reply sessionid:0x1000a57cb210001, packet:: clientPath:/isr_change_notification serverPath:/isr_change_notification finished:false header:: 13,1  replyHeader:: 13,15,0  request:: '/isr_change_notification,,v{s{31,s{'world,'anyone}}},0  response:: '/isr_change_notification 
09:51:25.660 [SyncThread:0] DEBUG org.apache.zookeeper.server.FinalRequestProcessor - Processing request:: sessionid:0x1000a57cb210001 type:create cxid:0xe zxid:0x10 txntype:1 reqpath:n/a
09:51:25.660 [SyncThread:0] DEBUG org.apache.zookeeper.server.FinalRequestProcessor - sessionid:0x1000a57cb210001 type:create cxid:0xe zxid:0x10 txntype:1 reqpath:n/a
09:51:25.661 [Test worker-SendThread(localhost:59713)] DEBUG org.apache.zookeeper.ClientCnxn - Reading reply sessionid:0x1000a57cb210001, packet:: clientPath:/latest_producer_id_block serverPath:/latest_producer_id_block finished:false header:: 14,1  replyHeader:: 14,16,0  request:: '/latest_producer_id_block,,v{s{31,s{'world,'anyone}}},0  response:: '/latest_producer_id_block 
09:51:25.663 [SyncThread:0] DEBUG org.apache.zookeeper.server.FinalRequestProcessor - Processing request:: sessionid:0x1000a57cb210001 type:create cxid:0xf zxid:0x11 txntype:1 reqpath:n/a
09:51:25.663 [SyncThread:0] DEBUG org.apache.zookeeper.server.FinalRequestProcessor - sessionid:0x1000a57cb210001 type:create cxid:0xf zxid:0x11 txntype:1 reqpath:n/a
09:51:25.663 [Test worker-SendThread(localhost:59713)] DEBUG org.apache.zookeeper.ClientCnxn - Reading reply sessionid:0x1000a57cb210001, packet:: clientPath:/log_dir_event_notification serverPath:/log_dir_event_notification finished:false header:: 15,1  replyHeader:: 15,17,0  request:: '/log_dir_event_notification,,v{s{31,s{'world,'anyone}}},0  response:: '/log_dir_event_notification 
09:51:25.664 [SyncThread:0] DEBUG org.apache.zookeeper.server.FinalRequestProcessor - Processing request:: sessionid:0x1000a57cb210001 type:create cxid:0x10 zxid:0x12 txntype:1 reqpath:n/a
09:51:25.664 [SyncThread:0] DEBUG org.apache.zookeeper.server.FinalRequestProcessor - sessionid:0x1000a57cb210001 type:create cxid:0x10 zxid:0x12 txntype:1 reqpath:n/a
09:51:25.665 [Test worker-SendThread(localhost:59713)] DEBUG org.apache.zookeeper.ClientCnxn - Reading reply sessionid:0x1000a57cb210001, packet:: clientPath:/config/topics serverPath:/config/topics finished:false header:: 16,1  replyHeader:: 16,18,0  request:: '/config/topics,,v{s{31,s{'world,'anyone}}},0  response:: '/config/topics 
09:51:25.666 [SyncThread:0] DEBUG org.apache.zookeeper.server.FinalRequestProcessor - Processing request:: sessionid:0x1000a57cb210001 type:create cxid:0x11 zxid:0x13 txntype:1 reqpath:n/a
09:51:25.666 [SyncThread:0] DEBUG org.apache.zookeeper.server.FinalRequestProcessor - sessionid:0x1000a57cb210001 type:create cxid:0x11 zxid:0x13 txntype:1 reqpath:n/a
09:51:25.667 [Test worker-SendThread(localhost:59713)] DEBUG org.apache.zookeeper.ClientCnxn - Reading reply sessionid:0x1000a57cb210001, packet:: clientPath:/config/clients serverPath:/config/clients finished:false header:: 17,1  replyHeader:: 17,19,0  request:: '/config/clients,,v{s{31,s{'world,'anyone}}},0  response:: '/config/clients 
09:51:25.668 [SyncThread:0] DEBUG org.apache.zookeeper.server.FinalRequestProcessor - Processing request:: sessionid:0x1000a57cb210001 type:create cxid:0x12 zxid:0x14 txntype:1 reqpath:n/a
09:51:25.668 [SyncThread:0] DEBUG org.apache.zookeeper.server.FinalRequestProcessor - sessionid:0x1000a57cb210001 type:create cxid:0x12 zxid:0x14 txntype:1 reqpath:n/a
09:51:25.668 [Test worker-SendThread(localhost:59713)] DEBUG org.apache.zookeeper.ClientCnxn - Reading reply sessionid:0x1000a57cb210001, packet:: clientPath:/config/users serverPath:/config/users finished:false header:: 18,1  replyHeader:: 18,20,0  request:: '/config/users,,v{s{31,s{'world,'anyone}}},0  response:: '/config/users 
09:51:25.669 [SyncThread:0] DEBUG org.apache.zookeeper.server.FinalRequestProcessor - Processing request:: sessionid:0x1000a57cb210001 type:create cxid:0x13 zxid:0x15 txntype:1 reqpath:n/a
09:51:25.669 [SyncThread:0] DEBUG org.apache.zookeeper.server.FinalRequestProcessor - sessionid:0x1000a57cb210001 type:create cxid:0x13 zxid:0x15 txntype:1 reqpath:n/a
09:51:25.670 [Test worker-SendThread(localhost:59713)] DEBUG org.apache.zookeeper.ClientCnxn - Reading reply sessionid:0x1000a57cb210001, packet:: clientPath:/config/brokers serverPath:/config/brokers finished:false header:: 19,1  replyHeader:: 19,21,0  request:: '/config/brokers,,v{s{31,s{'world,'anyone}}},0  response:: '/config/brokers 
09:51:25.673 [SyncThread:0] DEBUG org.apache.zookeeper.server.FinalRequestProcessor - Processing request:: sessionid:0x1000a57cb210001 type:getData cxid:0x14 zxid:0xfffffffffffffffe txntype:unknown reqpath:/cluster/id
09:51:25.673 [SyncThread:0] DEBUG org.apache.zookeeper.server.FinalRequestProcessor - sessionid:0x1000a57cb210001 type:getData cxid:0x14 zxid:0xfffffffffffffffe txntype:unknown reqpath:/cluster/id
09:51:25.674 [Test worker-SendThread(localhost:59713)] DEBUG org.apache.zookeeper.ClientCnxn - Reading reply sessionid:0x1000a57cb210001, packet:: clientPath:/cluster/id serverPath:/cluster/id finished:false header:: 20,4  replyHeader:: 20,21,-101  request:: '/cluster/id,F  response::  
09:51:25.803 [ProcessThread(sid:0 cport:59713):] INFO org.apache.zookeeper.server.PrepRequestProcessor - Got user-level KeeperException when processing sessionid:0x1000a57cb210001 type:create cxid:0x15 zxid:0x16 txntype:-1 reqpath:n/a Error Path:/cluster Error:KeeperErrorCode = NoNode for /cluster
09:51:25.805 [SyncThread:0] DEBUG org.apache.zookeeper.server.FinalRequestProcessor - Processing request:: sessionid:0x1000a57cb210001 type:create cxid:0x15 zxid:0x16 txntype:-1 reqpath:n/a
09:51:25.805 [SyncThread:0] DEBUG org.apache.zookeeper.server.DataTree - Ignoring processTxn failure hdr: -1 : error: -101
09:51:25.805 [Test worker-SendThread(localhost:59713)] DEBUG org.apache.zookeeper.ClientCnxn - Reading reply sessionid:0x1000a57cb210001, packet:: clientPath:/cluster/id serverPath:/cluster/id finished:false header:: 21,1  replyHeader:: 21,22,-101  request:: '/cluster/id,#7b2276657273696f6e223a2231222c226964223a227a66416179764a7a543157373866654f375930307341227d,v{s{31,s{'world,'anyone}}},0  response::  
09:51:25.811 [SyncThread:0] DEBUG org.apache.zookeeper.server.FinalRequestProcessor - Processing request:: sessionid:0x1000a57cb210001 type:create cxid:0x16 zxid:0x17 txntype:1 reqpath:n/a
09:51:25.811 [SyncThread:0] DEBUG org.apache.zookeeper.server.FinalRequestProcessor - sessionid:0x1000a57cb210001 type:create cxid:0x16 zxid:0x17 txntype:1 reqpath:n/a
09:51:25.812 [Test worker-SendThread(localhost:59713)] DEBUG org.apache.zookeeper.ClientCnxn - Reading reply sessionid:0x1000a57cb210001, packet:: clientPath:/cluster serverPath:/cluster finished:false header:: 22,1  replyHeader:: 22,23,0  request:: '/cluster,,v{s{31,s{'world,'anyone}}},0  response:: '/cluster 
09:51:25.817 [SyncThread:0] DEBUG org.apache.zookeeper.server.FinalRequestProcessor - Processing request:: sessionid:0x1000a57cb210001 type:create cxid:0x17 zxid:0x18 txntype:1 reqpath:n/a
09:51:25.817 [SyncThread:0] DEBUG org.apache.zookeeper.server.FinalRequestProcessor - sessionid:0x1000a57cb210001 type:create cxid:0x17 zxid:0x18 txntype:1 reqpath:n/a
09:51:25.817 [Test worker-SendThread(localhost:59713)] DEBUG org.apache.zookeeper.ClientCnxn - Reading reply sessionid:0x1000a57cb210001, packet:: clientPath:/cluster/id serverPath:/cluster/id finished:false header:: 23,1  replyHeader:: 23,24,0  request:: '/cluster/id,#7b2276657273696f6e223a2231222c226964223a227a66416179764a7a543157373866654f375930307341227d,v{s{31,s{'world,'anyone}}},0  response:: '/cluster/id 
09:51:25.818 [Test worker] INFO kafka.server.KafkaServer - Cluster ID = zfAayvJzT1W78feO7Y00sA
09:51:25.821 [Test worker] WARN kafka.server.BrokerMetadataCheckpoint - No meta.properties file under dir /var/folders/rb/ftkq4r193039vvt_p0103d1r0000gn/T/kafka-291968453170352473/meta.properties
09:51:25.827 [SyncThread:0] DEBUG org.apache.zookeeper.server.FinalRequestProcessor - Processing request:: sessionid:0x1000a57cb210001 type:getData cxid:0x18 zxid:0xfffffffffffffffe txntype:unknown reqpath:/config/brokers/<default>
09:51:25.827 [SyncThread:0] DEBUG org.apache.zookeeper.server.FinalRequestProcessor - sessionid:0x1000a57cb210001 type:getData cxid:0x18 zxid:0xfffffffffffffffe txntype:unknown reqpath:/config/brokers/<default>
09:51:25.827 [Test worker-SendThread(localhost:59713)] DEBUG org.apache.zookeeper.ClientCnxn - Reading reply sessionid:0x1000a57cb210001, packet:: clientPath:/config/brokers/<default> serverPath:/config/brokers/<default> finished:false header:: 24,4  replyHeader:: 24,24,-101  request:: '/config/brokers/<default>,F  response::  
09:51:25.880 [Test worker] INFO kafka.server.KafkaConfig - KafkaConfig values: 
	advertised.host.name = null
	advertised.listeners = null
	advertised.port = null
	alter.config.policy.class.name = null
	alter.log.dirs.replication.quota.window.num = 11
	alter.log.dirs.replication.quota.window.size.seconds = 1
	authorizer.class.name = 
	auto.create.topics.enable = true
	auto.leader.rebalance.enable = true
	background.threads = 10
	broker.id = 0
	broker.id.generation.enable = true
	broker.rack = null
	client.quota.callback.class = null
	compression.type = producer
	connections.max.idle.ms = 600000
	controlled.shutdown.enable = true
	controlled.shutdown.max.retries = 3
	controlled.shutdown.retry.backoff.ms = 100
	controller.socket.timeout.ms = 1000
	create.topic.policy.class.name = null
	default.replication.factor = 1
	delegation.token.expiry.check.interval.ms = 3600000
	delegation.token.expiry.time.ms = 86400000
	delegation.token.master.key = null
	delegation.token.max.lifetime.ms = 604800000
	delete.records.purgatory.purge.interval.requests = 1
	delete.topic.enable = true
	fetch.purgatory.purge.interval.requests = 1000
	group.initial.rebalance.delay.ms = 0
	group.max.session.timeout.ms = 300000
	group.min.session.timeout.ms = 6000
	host.name = 
	inter.broker.listener.name = null
	inter.broker.protocol.version = 2.0-IV1
	leader.imbalance.check.interval.seconds = 300
	leader.imbalance.per.broker.percentage = 10
	listener.security.protocol.map = PLAINTEXT:PLAINTEXT,SSL:SSL,SASL_PLAINTEXT:SASL_PLAINTEXT,SASL_SSL:SASL_SSL
	listeners = PLAINTEXT://localhost:0
	log.cleaner.backoff.ms = 15000
	log.cleaner.dedupe.buffer.size = 2097152
	log.cleaner.delete.retention.ms = 86400000
	log.cleaner.enable = true
	log.cleaner.io.buffer.load.factor = 0.9
	log.cleaner.io.buffer.size = 524288
	log.cleaner.io.max.bytes.per.second = 1.7976931348623157E308
	log.cleaner.min.cleanable.ratio = 0.5
	log.cleaner.min.compaction.lag.ms = 0
	log.cleaner.threads = 1
	log.cleanup.policy = [delete]
	log.dir = /var/folders/rb/ftkq4r193039vvt_p0103d1r0000gn/T/kafka-291968453170352473
	log.dirs = null
	log.flush.interval.messages = 9223372036854775807
	log.flush.interval.ms = null
	log.flush.offset.checkpoint.interval.ms = 60000
	log.flush.scheduler.interval.ms = 9223372036854775807
	log.flush.start.offset.checkpoint.interval.ms = 60000
	log.index.interval.bytes = 4096
	log.index.size.max.bytes = 10485760
	log.message.downconversion.enable = true
	log.message.format.version = 2.0-IV1
	log.message.timestamp.difference.max.ms = 9223372036854775807
	log.message.timestamp.type = CreateTime
	log.preallocate = false
	log.retention.bytes = -1
	log.retention.check.interval.ms = 300000
	log.retention.hours = 168
	log.retention.minutes = null
	log.retention.ms = null
	log.roll.hours = 168
	log.roll.jitter.hours = 0
	log.roll.jitter.ms = null
	log.roll.ms = null
	log.segment.bytes = 1073741824
	log.segment.delete.delay.ms = 1000
	max.connections.per.ip = 2147483647
	max.connections.per.ip.overrides = 
	max.incremental.fetch.session.cache.slots = 1000
	message.max.bytes = 1000012
	metric.reporters = []
	metrics.num.samples = 2
	metrics.recording.level = INFO
	metrics.sample.window.ms = 30000
	min.insync.replicas = 1
	num.io.threads = 8
	num.network.threads = 3
	num.partitions = 1
	num.recovery.threads.per.data.dir = 1
[...]
09:51:28.841 [templateTests-C-1] DEBUG org.apache.kafka.clients.NetworkClient - [Consumer clientId=consumer-2, groupId=testT] Give up sending metadata request since no node is available
09:51:28.895 [templateTests-C-1] DEBUG org.apache.kafka.clients.NetworkClient - [Consumer clientId=consumer-2, groupId=testT] Give up sending metadata request since no node is available
09:51:28.948 [templateTests-C-1] DEBUG org.apache.kafka.clients.NetworkClient - [Consumer clientId=consumer-2, groupId=testT] Give up sending metadata request since no node is available
09:51:28.957 [Test worker] INFO kafka.server.ClientQuotaManager$ThrottledChannelReaper - [ThrottledChannelReaper-Fetch]: Shutdown completed
09:51:28.957 [Test worker] INFO kafka.server.ClientQuotaManager$ThrottledChannelReaper - [ThrottledChannelReaper-Produce]: Shutting down
09:51:28.957 [ThrottledChannelReaper-Fetch] INFO kafka.server.ClientQuotaManager$ThrottledChannelReaper - [ThrottledChannelReaper-Fetch]: Stopped
09:51:29.000 [templateTests-C-1] DEBUG org.apache.kafka.clients.NetworkClient - [Consumer clientId=consumer-2, groupId=testT] Give up sending metadata request since no node is available
09:51:29.053 [templateTests-C-1] DEBUG org.apache.kafka.clients.NetworkClient - [Consumer clientId=consumer-2, groupId=testT] Give up sending metadata request since no node is available
09:51:29.107 [templateTests-C-1] DEBUG org.apache.kafka.clients.NetworkClient - [Consumer clientId=consumer-2, groupId=testT] Give up sending metadata request since no node is available
09:51:29.163 [templateTests-C-1] DEBUG org.apache.kafka.clients.NetworkClient - [Consumer clientId=consumer-2, groupId=testT] Give up sending metadata request since no node is available
09:51:29.213 [templateTests-C-1] DEBUG org.apache.kafka.clients.NetworkClient - [Consumer clientId=consumer-2, groupId=testT] Give up sending metadata request since no node is available
09:51:29.264 [templateTests-C-1] DEBUG org.apache.kafka.clients.NetworkClient - [Consumer clientId=consumer-2, groupId=testT] Give up sending metadata request since no node is available
09:51:29.314 [templateTests-C-1] DEBUG org.apache.kafka.clients.NetworkClient - [Consumer clientId=consumer-2, groupId=testT] Give up sending metadata request since no node is available
09:51:29.326 [SyncThread:0] DEBUG org.apache.zookeeper.server.FinalRequestProcessor - Processing request:: sessionid:0x1000a57cb210000 type:ping cxid:0xfffffffffffffffe zxid:0xfffffffffffffffe txntype:unknown reqpath:n/a
09:51:29.326 [SyncThread:0] DEBUG org.apache.zookeeper.server.FinalRequestProcessor - sessionid:0x1000a57cb210000 type:ping cxid:0xfffffffffffffffe zxid:0xfffffffffffffffe txntype:unknown reqpath:n/a
09:51:29.326 [Test worker-SendThread(localhost:59713)] DEBUG org.apache.zookeeper.ClientCnxn - Got ping response for sessionid: 0x1000a57cb210000 after 0ms
09:51:29.365 [templateTests-C-1] DEBUG org.apache.kafka.clients.NetworkClient - [Consumer clientId=consumer-2, groupId=testT] Give up sending metadata request since no node is available
09:51:29.418 [templateTests-C-1] DEBUG org.apache.kafka.clients.NetworkClient - [Consumer clientId=consumer-2, groupId=testT] Give up sending metadata request since no node is available
09:51:29.472 [templateTests-C-1] DEBUG org.apache.kafka.clients.NetworkClient - [Consumer clientId=consumer-2, groupId=testT] Give up sending metadata request since no node is available
09:51:29.526 [templateTests-C-1] DEBUG org.apache.kafka.clients.NetworkClient - [Consumer clientId=consumer-2, groupId=testT] Give up sending metadata request since no node is available
09:51:29.580 [templateTests-C-1] DEBUG org.apache.kafka.clients.NetworkClient - [Consumer clientId=consumer-2, groupId=testT] Give up sending metadata request since no node is available
09:51:29.635 [templateTests-C-1] DEBUG org.apache.kafka.clients.NetworkClient - [Consumer clientId=consumer-2, groupId=testT] Give up sending metadata request since no node is available
09:51:29.687 [templateTests-C-1] DEBUG org.apache.kafka.clients.NetworkClient - [Consumer clientId=consumer-2, groupId=testT] Give up sending metadata request since no node is available
09:51:29.742 [templateTests-C-1] DEBUG org.apache.kafka.clients.NetworkClient - [Consumer clientId=consumer-2, groupId=testT] Give up sending metadata request since no node is available
09:51:29.797 [templateTests-C-1] DEBUG org.apache.kafka.clients.NetworkClient - [Consumer clientId=consumer-2, groupId=testT] Give up sending metadata request since no node is available
09:51:29.851 [templateTests-C-1] DEBUG org.apache.kafka.clients.NetworkClient - [Consumer clientId=consumer-2, groupId=testT] Give up sending metadata request since no node is available
09:51:29.906 [templateTests-C-1] DEBUG org.apache.kafka.clients.NetworkClient - [Consumer clientId=consumer-2, groupId=testT] Initialize connection to node localhost:59716 (id: 0 rack: null) for sending metadata request
09:51:29.906 [templateTests-C-1] DEBUG org.apache.kafka.clients.NetworkClient - [Consumer clientId=consumer-2, groupId=testT] Initiating connection to node localhost:59716 (id: 0 rack: null)
09:51:29.907 [templateTests-C-1] DEBUG org.apache.kafka.common.network.Selector - [Consumer clientId=consumer-2, groupId=testT] Connection with localhost/127.0.0.1 disconnected
java.net.ConnectException: Connection refused
	at sun.nio.ch.SocketChannelImpl.checkConnect(Native Method)
	at sun.nio.ch.SocketChannelImpl.finishConnect(SocketChannelImpl.java:717)
	at org.apache.kafka.common.network.PlaintextTransportLayer.finishConnect(PlaintextTransportLayer.java:50)
	at org.apache.kafka.common.network.KafkaChannel.finishConnect(KafkaChannel.java:152)
	at org.apache.kafka.common.network.Selector.pollSelectionKeys(Selector.java:473)
	at org.apache.kafka.common.network.Selector.poll(Selector.java:427)
	at org.apache.kafka.clients.NetworkClient.poll(NetworkClient.java:510)
	at org.apache.kafka.clients.consumer.internals.ConsumerNetworkClient.poll(ConsumerNetworkClient.java:271)
	at org.apache.kafka.clients.consumer.internals.ConsumerNetworkClient.poll(ConsumerNetworkClient.java:242)
	at org.apache.kafka.clients.consumer.internals.ConsumerNetworkClient.poll(ConsumerNetworkClient.java:233)
	at org.apache.kafka.clients.consumer.internals.ConsumerNetworkClient.awaitMetadataUpdate(ConsumerNetworkClient.java:161)
	at org.apache.kafka.clients.consumer.internals.AbstractCoordinator.ensureCoordinatorReady(AbstractCoordinator.java:243)
	at org.apache.kafka.clients.consumer.internals.ConsumerCoordinator.poll(ConsumerCoordinator.java:314)
	at org.apache.kafka.clients.consumer.KafkaConsumer.updateAssignmentMetadataIfNeeded(KafkaConsumer.java:1218)
	at org.apache.kafka.clients.consumer.KafkaConsumer.poll(KafkaConsumer.java:1175)
	at org.apache.kafka.clients.consumer.KafkaConsumer.poll(KafkaConsumer.java:1154)
	at org.springframework.kafka.listener.KafkaMessageListenerContainer$ListenerConsumer.pollAndInvoke(KafkaMessageListenerContainer.java:743)
	at org.springframework.kafka.listener.KafkaMessageListenerContainer$ListenerConsumer.run(KafkaMessageListenerContainer.java:700)
	at java.util.concurrent.Executors$RunnableAdapter.call(Executors.java:511)
	at java.util.concurrent.FutureTask.run(FutureTask.java:266)
	at java.lang.Thread.run(Thread.java:748)
09:51:29.907 [templateTests-C-1] DEBUG org.apache.kafka.clients.NetworkClient - [Consumer clientId=consumer-2, groupId=testT] Node 0 disconnected.
09:51:29.907 [templateTests-C-1] WARN org.apache.kafka.clients.NetworkClient - [Consumer clientId=consumer-2, groupId=testT] Connection to node 0 could not be established. Broker may not be available.
09:51:29.907 [templateTests-C-1] DEBUG org.apache.kafka.clients.NetworkClient - [Consumer clientId=consumer-2, groupId=testT] Give up sending metadata request since no node is available
09:51:29.961 [ThrottledChannelReaper-Produce] INFO kafka.server.ClientQuotaManager$ThrottledChannelReaper - [ThrottledChannelReaper-Produce]: Stopped
09:51:29.961 [Test worker] INFO kafka.server.ClientQuotaManager$ThrottledChannelReaper - [ThrottledChannelReaper-Produce]: Shutdown completed
09:51:29.961 [templateTests-C-1] DEBUG org.apache.kafka.clients.NetworkClient - [Consumer clientId=consumer-2, groupId=testT] Give up sending metadata request since no node is available
09:51:29.961 [Test worker] INFO kafka.server.ClientQuotaManager$ThrottledChannelReaper - [ThrottledChannelReaper-Request]: Shutting down
09:51:30.015 [templateTests-C-1] DEBUG org.apache.kafka.clients.NetworkClient - [Consumer clientId=consumer-2, groupId=testT] Give up sending metadata request since no node is available
09:51:30.067 [templateTests-C-1] DEBUG org.apache.kafka.clients.NetworkClient - [Consumer clientId=consumer-2, groupId=testT] Give up sending metadata request since no node is available
09:51:30.119 [templateTests-C-1] DEBUG org.apache.kafka.clients.NetworkClient - [Consumer clientId=consumer-2, groupId=testT] Give up sending metadata request since no node is available
09:51:30.172 [templateTests-C-1] DEBUG org.apache.kafka.clients.NetworkClient - [Consumer clientId=consumer-2, groupId=testT] Give up sending metadata request since no node is available
09:51:30.223 [templateTests-C-1] DEBUG org.apache.kafka.clients.NetworkClient - [Consumer clientId=consumer-2, groupId=testT] Give up sending metadata request since no node is available
09:51:30.274 [templateTests-C-1] DEBUG org.apache.kafka.clients.NetworkClient - [Consumer clientId=consumer-2, groupId=testT] Give up sending metadata request since no node is available
09:51:30.329 [templateTests-C-1] DEBUG org.apache.kafka.clients.NetworkClient - [Consumer clientId=consumer-2, groupId=testT] Give up sending metadata request since no node is available
09:51:30.384 [templateTests-C-1] DEBUG org.apache.kafka.clients.NetworkClient - [Consumer clientId=consumer-2, groupId=testT] Give up sending metadata request since no node is available
09:51:30.438 [templateTests-C-1] DEBUG org.apache.kafka.clients.NetworkClient - [Consumer clientId=consumer-2, groupId=testT] Give up sending metadata request since no node is available
09:51:30.493 [templateTests-C-1] DEBUG org.apache.kafka.clients.NetworkClient - [Consumer clientId=consumer-2, groupId=testT] Give up sending metadata request since no node is available
09:51:30.547 [templateTests-C-1] DEBUG org.apache.kafka.clients.NetworkClient - [Consumer clientId=consumer-2, groupId=testT] Give up sending metadata request since no node is available
09:51:30.598 [templateTests-C-1] DEBUG org.apache.kafka.clients.NetworkClient - [Consumer clientId=consumer-2, groupId=testT] Give up sending metadata request since no node is available
09:51:30.651 [templateTests-C-1] DEBUG org.apache.kafka.clients.NetworkClient - [Consumer clientId=consumer-2, groupId=testT] Give up sending metadata request since no node is available
09:51:30.703 [templateTests-C-1] DEBUG org.apache.kafka.clients.NetworkClient - [Consumer clientId=consumer-2, groupId=testT] Give up sending metadata request since no node is available
09:51:30.754 [templateTests-C-1] DEBUG org.apache.kafka.clients.NetworkClient - [Consumer clientId=consumer-2, groupId=testT] Give up sending metadata request since no node is available
09:51:30.807 [templateTests-C-1] DEBUG org.apache.kafka.clients.NetworkClient - [Consumer clientId=consumer-2, groupId=testT] Initialize connection to node localhost:59716 (id: 0 rack: null) for sending metadata request
09:51:30.807 [templateTests-C-1] DEBUG org.apache.kafka.clients.NetworkClient - [Consumer clientId=consumer-2, groupId=testT] Initiating connection to node localhost:59716 (id: 0 rack: null)
09:51:30.808 [templateTests-C-1] DEBUG org.apache.kafka.common.network.Selector - [Consumer clientId=consumer-2, groupId=testT] Connection with localhost/127.0.0.1 disconnected
java.net.ConnectException: Connection refused
	at sun.nio.ch.SocketChannelImpl.checkConnect(Native Method)
	at sun.nio.ch.SocketChannelImpl.finishConnect(SocketChannelImpl.java:717)
	at org.apache.kafka.common.network.PlaintextTransportLayer.finishConnect(PlaintextTransportLayer.java:50)
	at org.apache.kafka.common.network.KafkaChannel.finishConnect(KafkaChannel.java:152)
	at org.apache.kafka.common.network.Selector.pollSelectionKeys(Selector.java:473)
	at org.apache.kafka.common.network.Selector.poll(Selector.java:427)
	at org.apache.kafka.clients.NetworkClient.poll(NetworkClient.java:510)
	at org.apache.kafka.clients.consumer.internals.ConsumerNetworkClient.poll(ConsumerNetworkClient.java:271)
	at org.apache.kafka.clients.consumer.internals.ConsumerNetworkClient.poll(ConsumerNetworkClient.java:242)
	at org.apache.kafka.clients.consumer.internals.ConsumerNetworkClient.poll(ConsumerNetworkClient.java:233)
	at org.apache.kafka.clients.consumer.internals.ConsumerNetworkClient.awaitMetadataUpdate(ConsumerNetworkClient.java:161)
	at org.apache.kafka.clients.consumer.internals.AbstractCoordinator.ensureCoordinatorReady(AbstractCoordinator.java:243)
	at org.apache.kafka.clients.consumer.internals.ConsumerCoordinator.poll(ConsumerCoordinator.java:314)
	at org.apache.kafka.clients.consumer.KafkaConsumer.updateAssignmentMetadataIfNeeded(KafkaConsumer.java:1218)
	at org.apache.kafka.clients.consumer.KafkaConsumer.poll(KafkaConsumer.java:1175)
	at org.apache.kafka.clients.consumer.KafkaConsumer.poll(KafkaConsumer.java:1154)
	at org.springframework.kafka.listener.KafkaMessageListenerContainer$ListenerConsumer.pollAndInvoke(KafkaMessageListenerContainer.java:743)
	at org.springframework.kafka.listener.KafkaMessageListenerContainer$ListenerConsumer.run(KafkaMessageListenerContainer.java:700)
	at java.util.concurrent.Executors$RunnableAdapter.call(Executors.java:511)
	at java.util.concurrent.FutureTask.run(FutureTask.java:266)
	at java.lang.Thread.run(Thread.java:748)
09:51:30.808 [templateTests-C-1] DEBUG org.apache.kafka.clients.NetworkClient - [Consumer clientId=consumer-2, groupId=testT] Node 0 disconnected.
09:51:30.808 [templateTests-C-1] WARN org.apache.kafka.clients.NetworkClient - [Consumer clientId=consumer-2, groupId=testT] Connection to node 0 could not be established. Broker may not be available.
09:51:30.808 [templateTests-C-1] DEBUG org.apache.kafka.clients.NetworkClient - [Consumer clientId=consumer-2, groupId=testT] Give up sending metadata request since no node is available
09:51:30.861 [templateTests-C-1] DEBUG org.apache.kafka.clients.NetworkClient - [Consumer clientId=consumer-2, groupId=testT] Give up sending metadata request since no node is available
09:51:30.912 [templateTests-C-1] DEBUG org.apache.kafka.clients.NetworkClient - [Consumer clientId=consumer-2, groupId=testT] Give up sending metadata request since no node is available
09:51:30.961 [ThrottledChannelReaper-Request] INFO kafka.server.ClientQuotaManager$ThrottledChannelReaper - [ThrottledChannelReaper-Request]: Stopped
09:51:30.961 [Test worker] INFO kafka.server.ClientQuotaManager$ThrottledChannelReaper - [ThrottledChannelReaper-Request]: Shutdown completed
09:51:30.963 [Test worker] INFO kafka.network.SocketServer - [SocketServer brokerId=0] Shutting down socket server
09:51:30.963 [templateTests-C-1] DEBUG org.apache.kafka.clients.NetworkClient - [Consumer clientId=consumer-2, groupId=testT] Give up sending metadata request since no node is available
09:51:30.989 [Test worker] INFO kafka.network.SocketServer - [SocketServer brokerId=0] Shutdown completed
09:51:30.992 [Test worker] INFO kafka.server.KafkaServer - [KafkaServer id=0] shut down completed
09:51:31.001 [Test worker] DEBUG org.I0Itec.zkclient.ZkClient - Closing ZkClient...
09:51:31.002 [ZkClient-EventThread-19-127.0.0.1:59713] INFO org.I0Itec.zkclient.ZkEventThread - Terminate ZkClient event thread.
09:51:31.002 [Test worker] DEBUG org.I0Itec.zkclient.ZkConnection - Closing ZooKeeper connected to 127.0.0.1:59713
09:51:31.002 [Test worker] DEBUG org.apache.zookeeper.ZooKeeper - Closing session: 0x1000a57cb210000
09:51:31.002 [Test worker] DEBUG org.apache.zookeeper.ClientCnxn - Closing client for session: 0x1000a57cb210000
09:51:31.002 [ProcessThread(sid:0 cport:59713):] INFO org.apache.zookeeper.server.PrepRequestProcessor - Processed session termination for sessionid: 0x1000a57cb210000
09:51:31.004 [SyncThread:0] DEBUG org.apache.zookeeper.server.FinalRequestProcessor - Processing request:: sessionid:0x1000a57cb210000 type:closeSession cxid:0x1 zxid:0x37 txntype:-11 reqpath:n/a
09:51:31.004 [SyncThread:0] DEBUG org.apache.zookeeper.server.FinalRequestProcessor - sessionid:0x1000a57cb210000 type:closeSession cxid:0x1 zxid:0x37 txntype:-11 reqpath:n/a
09:51:31.004 [NIOServerCxn.Factory:/127.0.0.1:0] INFO org.apache.zookeeper.server.NIOServerCnxn - Closed socket connection for client /127.0.0.1:59714 which had sessionid 0x1000a57cb210000
09:51:31.004 [Test worker-SendThread(localhost:59713)] DEBUG org.apache.zookeeper.ClientCnxn - Reading reply sessionid:0x1000a57cb210000, packet:: clientPath:null serverPath:null finished:false header:: 1,-11  replyHeader:: 1,55,0  request:: null response:: null
09:51:31.004 [Test worker] DEBUG org.apache.zookeeper.ClientCnxn - Disconnecting client for session: 0x1000a57cb210000
09:51:31.004 [Test worker] INFO org.apache.zookeeper.ZooKeeper - Session: 0x1000a57cb210000 closed
09:51:31.004 [Test worker] DEBUG org.I0Itec.zkclient.ZkClient - Closing ZkClient...done
09:51:31.005 [Test worker-EventThread] INFO org.apache.zookeeper.ClientCnxn - EventThread shut down for session: 0x1000a57cb210000
09:51:31.005 [Test worker-SendThread(localhost:59713)] DEBUG org.apache.zookeeper.ClientCnxn - An exception was thrown while closing send thread for session 0x1000a57cb210000 : Unable to read additional data from server sessionid 0x1000a57cb210000, likely server has closed socket
09:51:31.005 [Test worker] INFO org.apache.zookeeper.server.ZooKeeperServer - shutting down
09:51:31.005 [Test worker] DEBUG org.apache.zookeeper.server.ZooKeeperServer - ZKShutdownHandler is not registered, so ZooKeeper server won't take any action on ERROR or SHUTDOWN server state changes
09:51:31.005 [Test worker] INFO org.apache.zookeeper.server.SessionTrackerImpl - Shutting down
09:51:31.005 [Test worker] INFO org.apache.zookeeper.server.PrepRequestProcessor - Shutting down
09:51:31.005 [ProcessThread(sid:0 cport:59713):] INFO org.apache.zookeeper.server.PrepRequestProcessor - PrepRequestProcessor exited loop!
09:51:31.005 [Test worker] INFO org.apache.zookeeper.server.SyncRequestProcessor - Shutting down
09:51:31.005 [SyncThread:0] INFO org.apache.zookeeper.server.SyncRequestProcessor - SyncRequestProcessor exited!
09:51:31.005 [Test worker] INFO org.apache.zookeeper.server.FinalRequestProcessor - shutdown of request processor complete
09:51:31.006 [Test worker] DEBUG org.apache.zookeeper.server.persistence.FileTxnLog - Created new input stream /var/folders/rb/ftkq4r193039vvt_p0103d1r0000gn/T/kafka-4438925975171885947/version-2/log.1
09:51:31.006 [Test worker] DEBUG org.apache.zookeeper.server.persistence.FileTxnLog - Created new input archive /var/folders/rb/ftkq4r193039vvt_p0103d1r0000gn/T/kafka-4438925975171885947/version-2/log.1
09:51:31.007 [Test worker] DEBUG org.apache.zookeeper.server.persistence.FileTxnLog - EOF excepton java.io.EOFException: Failed to read /var/folders/rb/ftkq4r193039vvt_p0103d1r0000gn/T/kafka-4438925975171885947/version-2/log.1
09:51:31.007 [NIOServerCxn.Factory:/127.0.0.1:0] INFO org.apache.zookeeper.server.NIOServerCnxnFactory - NIOServerCnxn factory exited run method
09:51:31.008 [Test worker] DEBUG org.apache.zookeeper.server.ZooKeeperServer - ZooKeeper server is not running, so not proceeding to shutdown!
09:51:31.015 [templateTests-C-1] DEBUG org.apache.kafka.clients.NetworkClient - [Consumer clientId=consumer-2, groupId=testT] Give up sending metadata request since no node is available
]]></system-out>
  <system-err><![CDATA[]]></system-err>
</testsuite>
